<?xml version="1.0" encoding="UTF-8"?>
<coverage generated="1762661521985" clover="3.2.0">
  <project timestamp="1762661521985" name="All files">
    <metrics statements="194" coveredstatements="194" conditionals="127" coveredconditionals="127" methods="54" coveredmethods="54" elements="375" coveredelements="375" complexity="0" loc="194" ncloc="194" packages="2" files="9" classes="9"/>
    <package name="components">
      <metrics statements="122" coveredstatements="122" conditionals="87" coveredconditionals="87" methods="41" coveredmethods="41"/>
      <file name="ActiveChips.tsx" path="/Users/rangga.pratam.local/Documents/GitHub/YoPrintReact/src/components/ActiveChips.tsx">
        <metrics statements="33" coveredstatements="33" conditionals="26" coveredconditionals="26" methods="13" coveredmethods="13"/>
        <line num="1" count="1" type="stmt"/>
        <line num="2" count="1" type="stmt"/>
        <line num="5" count="1" type="stmt"/>
        <line num="16" count="1" type="stmt"/>
        <line num="24" count="1" type="stmt"/>
        <line num="25" count="5" type="stmt"/>
        <line num="27" count="5" type="stmt"/>
        <line num="28" count="5" type="stmt"/>
        <line num="29" count="5" type="stmt"/>
        <line num="30" count="5" type="cond" truecount="2" falsecount="0"/>
        <line num="31" count="5" type="cond" truecount="4" falsecount="0"/>
        <line num="32" count="5" type="cond" truecount="4" falsecount="0"/>
        <line num="33" count="5" type="cond" truecount="4" falsecount="0"/>
        <line num="34" count="5" type="cond" truecount="2" falsecount="0"/>
        <line num="35" count="5" type="cond" truecount="2" falsecount="0"/>
        <line num="36" count="5" type="cond" truecount="2" falsecount="0"/>
        <line num="37" count="5" type="cond" truecount="2" falsecount="0"/>
        <line num="40" count="5" type="stmt"/>
        <line num="41" count="40" type="stmt"/>
        <line num="42" count="40" type="stmt"/>
        <line num="43" count="40" type="cond" truecount="1" falsecount="0"/>
        <line num="44" count="26" type="cond" truecount="2" falsecount="0"/>
        <line num="45" count="26" type="stmt"/>
        <line num="48" count="5" type="stmt"/>
        <line num="51" count="5" type="stmt"/>
        <line num="52" count="3" type="stmt"/>
        <line num="53" count="3" type="stmt"/>
        <line num="54" count="3" type="stmt"/>
        <line num="55" count="3" type="stmt"/>
        <line num="58" count="5" type="cond" truecount="1" falsecount="0"/>
        <line num="60" count="4" type="stmt"/>
        <line num="63" count="26" type="stmt"/>
        <line num="70" count="3" type="stmt"/>
      </file>
      <file name="AnimeCard.tsx" path="/Users/rangga.pratam.local/Documents/GitHub/YoPrintReact/src/components/AnimeCard.tsx">
        <metrics statements="4" coveredstatements="4" conditionals="9" coveredconditionals="9" methods="1" coveredmethods="1"/>
        <line num="1" count="2" type="stmt"/>
        <line num="6" count="2" type="stmt"/>
        <line num="8" count="2" type="cond" truecount="5" falsecount="0"/>
        <line num="14" count="2" type="stmt"/>
      </file>
      <file name="FilterBar.tsx" path="/Users/rangga.pratam.local/Documents/GitHub/YoPrintReact/src/components/FilterBar.tsx">
        <metrics statements="58" coveredstatements="58" conditionals="42" coveredconditionals="42" methods="21" coveredmethods="21"/>
        <line num="1" count="2" type="stmt"/>
        <line num="2" count="2" type="stmt"/>
        <line num="4" count="2" type="stmt"/>
        <line num="16" count="2" type="stmt"/>
        <line num="17" count="2" type="stmt"/>
        <line num="18" count="2" type="stmt"/>
        <line num="19" count="2" type="stmt"/>
        <line num="21" count="2" type="stmt"/>
        <line num="22" count="21" type="stmt"/>
        <line num="24" count="21" type="stmt"/>
        <line num="25" count="21" type="cond" truecount="2" falsecount="0"/>
        <line num="26" count="21" type="cond" truecount="2" falsecount="0"/>
        <line num="27" count="21" type="cond" truecount="2" falsecount="0"/>
        <line num="28" count="21" type="cond" truecount="2" falsecount="0"/>
        <line num="29" count="21" type="cond" truecount="2" falsecount="0"/>
        <line num="30" count="21" type="cond" truecount="2" falsecount="0"/>
        <line num="31" count="21" type="cond" truecount="2" falsecount="0"/>
        <line num="32" count="21" type="stmt"/>
        <line num="35" count="21" type="stmt"/>
        <line num="36" count="5" type="stmt"/>
        <line num="37" count="5" type="stmt"/>
        <line num="38" count="380" type="stmt"/>
        <line num="39" count="5" type="stmt"/>
        <line num="42" count="21" type="stmt"/>
        <line num="43" count="15" type="stmt"/>
        <line num="44" count="15" type="cond" truecount="4" falsecount="0"/>
        <line num="45" count="7" type="stmt"/>
        <line num="46" count="15" type="stmt"/>
        <line num="47" count="15" type="stmt"/>
        <line num="50" count="21" type="stmt"/>
        <line num="51" count="21" type="stmt"/>
        <line num="63" count="21" type="stmt"/>
        <line num="64" count="1" type="stmt"/>
        <line num="65" count="1" type="stmt"/>
        <line num="66" count="1" type="stmt"/>
        <line num="67" count="1" type="stmt"/>
        <line num="68" count="1" type="stmt"/>
        <line num="69" count="1" type="stmt"/>
        <line num="70" count="1" type="stmt"/>
        <line num="71" count="1" type="stmt"/>
        <line num="72" count="1" type="stmt"/>
        <line num="73" count="1" type="stmt"/>
        <line num="76" count="21" type="stmt"/>
        <line num="83" count="3" type="stmt"/>
        <line num="86" count="210" type="stmt"/>
        <line num="98" count="2" type="stmt"/>
        <line num="101" count="84" type="stmt"/>
        <line num="113" count="2" type="stmt"/>
        <line num="116" count="147" type="stmt"/>
        <line num="128" count="2" type="stmt"/>
        <line num="131" count="210" type="stmt"/>
        <line num="132" count="210" type="stmt"/>
        <line num="144" count="2" type="stmt"/>
        <line num="148" count="1596" type="stmt"/>
        <line num="160" count="2" type="stmt"/>
        <line num="164" count="189" type="stmt"/>
        <line num="174" count="2" type="stmt"/>
        <line num="178" count="42" type="stmt"/>
      </file>
      <file name="Header.tsx" path="/Users/rangga.pratam.local/Documents/GitHub/YoPrintReact/src/components/Header.tsx">
        <metrics statements="25" coveredstatements="25" conditionals="10" coveredconditionals="10" methods="5" coveredmethods="5"/>
        <line num="1" count="2" type="stmt"/>
        <line num="2" count="2" type="stmt"/>
        <line num="4" count="2" type="stmt"/>
        <line num="5" count="2" type="stmt"/>
        <line num="7" count="2" type="stmt"/>
        <line num="8" count="12" type="stmt"/>
        <line num="9" count="12" type="stmt"/>
        <line num="10" count="12" type="stmt"/>
        <line num="11" count="12" type="stmt"/>
        <line num="13" count="12" type="stmt"/>
        <line num="14" count="9" type="cond" truecount="2" falsecount="0"/>
        <line num="17" count="12" type="stmt"/>
        <line num="18" count="2" type="stmt"/>
        <line num="19" count="2" type="stmt"/>
        <line num="20" count="2" type="cond" truecount="2" falsecount="0"/>
        <line num="23" count="12" type="stmt"/>
        <line num="24" count="3" type="stmt"/>
        <line num="25" count="3" type="stmt"/>
        <line num="26" count="3" type="stmt"/>
        <line num="27" count="3" type="cond" truecount="2" falsecount="0"/>
        <line num="28" count="1" type="stmt"/>
        <line num="30" count="3" type="stmt"/>
        <line num="31" count="3" type="stmt"/>
        <line num="34" count="12" type="stmt"/>
        <line num="52" count="3" type="stmt"/>
      </file>
      <file name="Pagination.tsx" path="/Users/rangga.pratam.local/Documents/GitHub/YoPrintReact/src/components/Pagination.tsx">
        <metrics statements="2" coveredstatements="2" conditionals="0" coveredconditionals="0" methods="1" coveredmethods="1"/>
        <line num="8" count="1" type="stmt"/>
        <line num="9" count="1" type="stmt"/>
      </file>
    </package>
    <package name="store">
      <metrics statements="72" coveredstatements="72" conditionals="40" coveredconditionals="40" methods="13" coveredmethods="13"/>
      <file name="detailSlice.ts" path="/Users/rangga.pratam.local/Documents/GitHub/YoPrintReact/src/store/detailSlice.ts">
        <metrics statements="19" coveredstatements="19" conditionals="2" coveredconditionals="2" methods="5" coveredmethods="5"/>
        <line num="1" count="7" type="stmt"/>
        <line num="10" count="7" type="stmt"/>
        <line num="16" count="7" type="stmt"/>
        <line num="22" count="1" type="stmt"/>
        <line num="23" count="1" type="stmt"/>
        <line num="24" count="1" type="stmt"/>
        <line num="28" count="7" type="stmt"/>
        <line num="33" count="7" type="stmt"/>
        <line num="35" count="3" type="stmt"/>
        <line num="36" count="3" type="stmt"/>
        <line num="37" count="3" type="stmt"/>
        <line num="40" count="2" type="stmt"/>
        <line num="41" count="2" type="stmt"/>
        <line num="42" count="2" type="stmt"/>
        <line num="43" count="2" type="stmt"/>
        <line num="46" count="2" type="stmt"/>
        <line num="47" count="2" type="stmt"/>
        <line num="48" count="2" type="cond" truecount="2" falsecount="0"/>
        <line num="53" count="7" type="stmt"/>
      </file>
      <file name="hooks.ts" path="/Users/rangga.pratam.local/Documents/GitHub/YoPrintReact/src/store/hooks.ts">
        <metrics statements="3" coveredstatements="3" conditionals="0" coveredconditionals="0" methods="0" coveredmethods="0"/>
        <line num="1" count="1" type="stmt"/>
        <line num="5" count="1" type="stmt"/>
        <line num="6" count="1" type="stmt"/>
      </file>
      <file name="index.ts" path="/Users/rangga.pratam.local/Documents/GitHub/YoPrintReact/src/store/index.ts">
        <metrics statements="4" coveredstatements="4" conditionals="0" coveredconditionals="0" methods="0" coveredmethods="0"/>
        <line num="1" count="4" type="stmt"/>
        <line num="2" count="4" type="stmt"/>
        <line num="3" count="4" type="stmt"/>
        <line num="5" count="4" type="stmt"/>
      </file>
      <file name="searchSlice.ts" path="/Users/rangga.pratam.local/Documents/GitHub/YoPrintReact/src/store/searchSlice.ts">
        <metrics statements="46" coveredstatements="46" conditionals="38" coveredconditionals="38" methods="8" coveredmethods="8"/>
        <line num="1" count="6" type="stmt"/>
        <line num="27" count="6" type="stmt"/>
        <line num="36" count="6" type="stmt"/>
        <line num="45" count="3" type="stmt"/>
        <line num="58" count="3" type="stmt"/>
        <line num="68" count="3" type="stmt"/>
        <line num="70" count="3" type="cond" truecount="1" falsecount="0"/>
        <line num="72" count="3" type="cond" truecount="3" falsecount="0"/>
        <line num="73" count="3" type="cond" truecount="3" falsecount="0"/>
        <line num="74" count="1" type="stmt"/>
        <line num="75" count="3" type="cond" truecount="3" falsecount="0"/>
        <line num="76" count="1" type="stmt"/>
        <line num="77" count="3" type="cond" truecount="4" falsecount="0"/>
        <line num="78" count="1" type="stmt"/>
        <line num="79" count="3" type="cond" truecount="3" falsecount="0"/>
        <line num="80" count="1" type="stmt"/>
        <line num="81" count="1" type="stmt"/>
        <line num="85" count="3" type="cond" truecount="4" falsecount="0"/>
        <line num="87" count="3" type="cond" truecount="4" falsecount="0"/>
        <line num="90" count="3" type="cond" truecount="2" falsecount="0"/>
        <line num="91" count="3" type="cond" truecount="2" falsecount="0"/>
        <line num="97" count="3" type="stmt"/>
        <line num="98" count="3" type="stmt"/>
        <line num="99" count="3" type="stmt"/>
        <line num="108" count="6" type="stmt"/>
        <line num="113" count="1" type="stmt"/>
        <line num="116" count="1" type="stmt"/>
        <line num="119" count="1" type="stmt"/>
        <line num="120" count="1" type="stmt"/>
        <line num="121" count="1" type="stmt"/>
        <line num="122" count="1" type="stmt"/>
        <line num="126" count="6" type="stmt"/>
        <line num="128" count="4" type="stmt"/>
        <line num="129" count="4" type="stmt"/>
        <line num="131" count="4" type="stmt"/>
        <line num="132" count="4" type="stmt"/>
        <line num="133" count="4" type="stmt"/>
        <line num="136" count="4" type="stmt"/>
        <line num="137" count="4" type="stmt"/>
        <line num="138" count="4" type="stmt"/>
        <line num="139" count="4" type="stmt"/>
        <line num="140" count="4" type="stmt"/>
        <line num="143" count="2" type="stmt"/>
        <line num="144" count="2" type="cond" truecount="2" falsecount="0"/>
        <line num="149" count="6" type="stmt"/>
        <line num="150" count="6" type="stmt"/>
      </file>
    </package>
  </project>
</coverage>
