<?xml version="1.0" encoding="UTF-8"?>
<coverage generated="1762668516606" clover="3.2.0">
  <project timestamp="1762668516606" name="All files">
    <metrics statements="210" coveredstatements="210" conditionals="140" coveredconditionals="140" methods="62" coveredmethods="62" elements="412" coveredelements="412" complexity="0" loc="210" ncloc="210" packages="2" files="9" classes="9"/>
    <package name="components">
      <metrics statements="138" coveredstatements="138" conditionals="100" coveredconditionals="100" methods="49" coveredmethods="49"/>
      <file name="ActiveChips.tsx" path="/Users/rangga.pratam.local/Documents/GitHub/YoPrintReact/src/components/ActiveChips.tsx">
        <metrics statements="35" coveredstatements="35" conditionals="30" coveredconditionals="30" methods="15" coveredmethods="15"/>
        <line num="1" count="3" type="stmt"/>
        <line num="2" count="3" type="stmt"/>
        <line num="5" count="3" type="stmt"/>
        <line num="16" count="3" type="stmt"/>
        <line num="24" count="3" type="stmt"/>
        <line num="25" count="10" type="stmt"/>
        <line num="27" count="10" type="stmt"/>
        <line num="28" count="10" type="stmt"/>
        <line num="29" count="10" type="stmt"/>
        <line num="30" count="10" type="cond" truecount="2" falsecount="0"/>
        <line num="31" count="10" type="cond" truecount="4" falsecount="0"/>
        <line num="32" count="10" type="cond" truecount="4" falsecount="0"/>
        <line num="33" count="10" type="cond" truecount="4" falsecount="0"/>
        <line num="34" count="10" type="cond" truecount="2" falsecount="0"/>
        <line num="35" count="10" type="cond" truecount="2" falsecount="0"/>
        <line num="36" count="10" type="cond" truecount="2" falsecount="0"/>
        <line num="37" count="10" type="cond" truecount="2" falsecount="0"/>
        <line num="40" count="10" type="stmt"/>
        <line num="41" count="80" type="stmt"/>
        <line num="42" count="80" type="stmt"/>
        <line num="43" count="80" type="cond" truecount="1" falsecount="0"/>
        <line num="44" count="36" type="cond" truecount="2" falsecount="0"/>
        <line num="45" count="36" type="stmt"/>
        <line num="48" count="10" type="stmt"/>
        <line num="51" count="10" type="stmt"/>
        <line num="52" count="8" type="stmt"/>
        <line num="57" count="36" type="stmt"/>
        <line num="60" count="10" type="cond" truecount="1" falsecount="0"/>
        <line num="62" count="8" type="stmt"/>
        <line num="73" count="36" type="stmt"/>
        <line num="94" count="3" type="stmt"/>
        <line num="99" count="9" type="stmt"/>
        <line num="100" count="9" type="stmt"/>
        <line num="101" count="9" type="stmt"/>
        <line num="102" count="9" type="stmt"/>
      </file>
      <file name="AnimeCard.tsx" path="/Users/rangga.pratam.local/Documents/GitHub/YoPrintReact/src/components/AnimeCard.tsx">
        <metrics statements="4" coveredstatements="4" conditionals="9" coveredconditionals="9" methods="1" coveredmethods="1"/>
        <line num="1" count="2" type="stmt"/>
        <line num="6" count="2" type="stmt"/>
        <line num="8" count="2" type="cond" truecount="5" falsecount="0"/>
        <line num="14" count="2" type="stmt"/>
      </file>
      <file name="FilterBar.tsx" path="/Users/rangga.pratam.local/Documents/GitHub/YoPrintReact/src/components/FilterBar.tsx">
        <metrics statements="72" coveredstatements="72" conditionals="51" coveredconditionals="51" methods="27" coveredmethods="27"/>
        <line num="1" count="3" type="stmt"/>
        <line num="2" count="3" type="stmt"/>
        <line num="4" count="3" type="stmt"/>
        <line num="16" count="3" type="stmt"/>
        <line num="17" count="3" type="stmt"/>
        <line num="18" count="3" type="stmt"/>
        <line num="29" count="3" type="stmt"/>
        <line num="31" count="3" type="stmt"/>
        <line num="32" count="39" type="stmt"/>
        <line num="33" count="39" type="stmt"/>
        <line num="34" count="39" type="stmt"/>
        <line num="35" count="39" type="stmt"/>
        <line num="37" count="39" type="stmt"/>
        <line num="38" count="22" type="cond" truecount="2" falsecount="0"/>
        <line num="39" count="22" type="cond" truecount="2" falsecount="0"/>
        <line num="40" count="22" type="cond" truecount="2" falsecount="0"/>
        <line num="41" count="22" type="cond" truecount="2" falsecount="0"/>
        <line num="42" count="22" type="cond" truecount="2" falsecount="0"/>
        <line num="43" count="22" type="cond" truecount="2" falsecount="0"/>
        <line num="44" count="22" type="cond" truecount="2" falsecount="0"/>
        <line num="45" count="22" type="stmt"/>
        <line num="48" count="39" type="stmt"/>
        <line num="49" count="6" type="stmt"/>
        <line num="50" count="6" type="stmt"/>
        <line num="51" count="456" type="stmt"/>
        <line num="52" count="6" type="stmt"/>
        <line num="55" count="39" type="stmt"/>
        <line num="56" count="15" type="stmt"/>
        <line num="57" count="15" type="cond" truecount="4" falsecount="0"/>
        <line num="58" count="7" type="stmt"/>
        <line num="59" count="15" type="stmt"/>
        <line num="60" count="15" type="stmt"/>
        <line num="63" count="39" type="stmt"/>
        <line num="64" count="22" type="stmt"/>
        <line num="75" count="39" type="stmt"/>
        <line num="76" count="1" type="stmt"/>
        <line num="77" count="1" type="stmt"/>
        <line num="78" count="1" type="stmt"/>
        <line num="79" count="1" type="stmt"/>
        <line num="80" count="1" type="stmt"/>
        <line num="81" count="1" type="stmt"/>
        <line num="82" count="1" type="stmt"/>
        <line num="83" count="1" type="stmt"/>
        <line num="84" count="1" type="stmt"/>
        <line num="85" count="1" type="stmt"/>
        <line num="89" count="39" type="stmt"/>
        <line num="90" count="29" type="stmt"/>
        <line num="93" count="29" type="cond" truecount="2" falsecount="0"/>
        <line num="95" count="14" type="stmt"/>
        <line num="96" count="3" type="stmt"/>
        <line num="98" count="14" type="stmt"/>
        <line num="100" count="15" type="stmt"/>
        <line num="104" count="39" type="stmt"/>
        <line num="115" count="39" type="stmt"/>
        <line num="120" count="5" type="stmt"/>
        <line num="132" count="64" type="cond" truecount="2" falsecount="0"/>
        <line num="140" count="2" type="stmt"/>
        <line num="143" count="390" type="stmt"/>
        <line num="154" count="2" type="stmt"/>
        <line num="157" count="156" type="stmt"/>
        <line num="169" count="2" type="stmt"/>
        <line num="172" count="273" type="stmt"/>
        <line num="184" count="2" type="stmt"/>
        <line num="187" count="390" type="stmt"/>
        <line num="188" count="390" type="stmt"/>
        <line num="200" count="2" type="stmt"/>
        <line num="204" count="2964" type="stmt"/>
        <line num="216" count="2" type="stmt"/>
        <line num="220" count="351" type="stmt"/>
        <line num="232" count="3" type="stmt"/>
        <line num="236" count="78" type="stmt"/>
        <line num="254" count="2" type="stmt"/>
      </file>
      <file name="Header.tsx" path="/Users/rangga.pratam.local/Documents/GitHub/YoPrintReact/src/components/Header.tsx">
        <metrics statements="25" coveredstatements="25" conditionals="10" coveredconditionals="10" methods="5" coveredmethods="5"/>
        <line num="1" count="2" type="stmt"/>
        <line num="2" count="2" type="stmt"/>
        <line num="4" count="2" type="stmt"/>
        <line num="5" count="2" type="stmt"/>
        <line num="7" count="2" type="stmt"/>
        <line num="8" count="12" type="stmt"/>
        <line num="9" count="12" type="stmt"/>
        <line num="10" count="12" type="stmt"/>
        <line num="11" count="12" type="stmt"/>
        <line num="13" count="12" type="stmt"/>
        <line num="14" count="9" type="cond" truecount="2" falsecount="0"/>
        <line num="17" count="12" type="stmt"/>
        <line num="18" count="2" type="stmt"/>
        <line num="19" count="2" type="stmt"/>
        <line num="20" count="2" type="cond" truecount="2" falsecount="0"/>
        <line num="23" count="12" type="stmt"/>
        <line num="24" count="3" type="stmt"/>
        <line num="25" count="3" type="stmt"/>
        <line num="26" count="3" type="stmt"/>
        <line num="27" count="3" type="cond" truecount="2" falsecount="0"/>
        <line num="28" count="1" type="stmt"/>
        <line num="30" count="3" type="stmt"/>
        <line num="31" count="3" type="stmt"/>
        <line num="34" count="12" type="stmt"/>
        <line num="53" count="3" type="stmt"/>
      </file>
      <file name="Pagination.tsx" path="/Users/rangga.pratam.local/Documents/GitHub/YoPrintReact/src/components/Pagination.tsx">
        <metrics statements="2" coveredstatements="2" conditionals="0" coveredconditionals="0" methods="1" coveredmethods="1"/>
        <line num="8" count="1" type="stmt"/>
        <line num="9" count="1" type="stmt"/>
      </file>
    </package>
    <package name="store">
      <metrics statements="72" coveredstatements="72" conditionals="40" coveredconditionals="40" methods="13" coveredmethods="13"/>
      <file name="detailSlice.ts" path="/Users/rangga.pratam.local/Documents/GitHub/YoPrintReact/src/store/detailSlice.ts">
        <metrics statements="19" coveredstatements="19" conditionals="2" coveredconditionals="2" methods="5" coveredmethods="5"/>
        <line num="1" count="6" type="stmt"/>
        <line num="10" count="6" type="stmt"/>
        <line num="16" count="6" type="stmt"/>
        <line num="22" count="1" type="stmt"/>
        <line num="23" count="1" type="stmt"/>
        <line num="24" count="1" type="stmt"/>
        <line num="28" count="6" type="stmt"/>
        <line num="33" count="6" type="stmt"/>
        <line num="35" count="3" type="stmt"/>
        <line num="36" count="3" type="stmt"/>
        <line num="37" count="3" type="stmt"/>
        <line num="40" count="2" type="stmt"/>
        <line num="41" count="2" type="stmt"/>
        <line num="42" count="2" type="stmt"/>
        <line num="43" count="2" type="stmt"/>
        <line num="46" count="2" type="stmt"/>
        <line num="47" count="2" type="stmt"/>
        <line num="48" count="2" type="cond" truecount="2" falsecount="0"/>
        <line num="53" count="6" type="stmt"/>
      </file>
      <file name="hooks.ts" path="/Users/rangga.pratam.local/Documents/GitHub/YoPrintReact/src/store/hooks.ts">
        <metrics statements="3" coveredstatements="3" conditionals="0" coveredconditionals="0" methods="0" coveredmethods="0"/>
        <line num="1" count="1" type="stmt"/>
        <line num="5" count="1" type="stmt"/>
        <line num="6" count="1" type="stmt"/>
      </file>
      <file name="index.ts" path="/Users/rangga.pratam.local/Documents/GitHub/YoPrintReact/src/store/index.ts">
        <metrics statements="4" coveredstatements="4" conditionals="0" coveredconditionals="0" methods="0" coveredmethods="0"/>
        <line num="1" count="3" type="stmt"/>
        <line num="2" count="3" type="stmt"/>
        <line num="3" count="3" type="stmt"/>
        <line num="5" count="3" type="stmt"/>
      </file>
      <file name="searchSlice.ts" path="/Users/rangga.pratam.local/Documents/GitHub/YoPrintReact/src/store/searchSlice.ts">
        <metrics statements="46" coveredstatements="46" conditionals="38" coveredconditionals="38" methods="8" coveredmethods="8"/>
        <line num="1" count="5" type="stmt"/>
        <line num="27" count="5" type="stmt"/>
        <line num="36" count="5" type="stmt"/>
        <line num="45" count="3" type="stmt"/>
        <line num="47" count="3" type="stmt"/>
        <line num="57" count="3" type="stmt"/>
        <line num="59" count="3" type="cond" truecount="1" falsecount="0"/>
        <line num="61" count="3" type="cond" truecount="3" falsecount="0"/>
        <line num="62" count="3" type="cond" truecount="3" falsecount="0"/>
        <line num="63" count="1" type="stmt"/>
        <line num="64" count="3" type="cond" truecount="3" falsecount="0"/>
        <line num="65" count="1" type="stmt"/>
        <line num="66" count="3" type="cond" truecount="4" falsecount="0"/>
        <line num="67" count="1" type="stmt"/>
        <line num="68" count="3" type="cond" truecount="3" falsecount="0"/>
        <line num="69" count="1" type="stmt"/>
        <line num="70" count="1" type="stmt"/>
        <line num="74" count="3" type="cond" truecount="4" falsecount="0"/>
        <line num="76" count="3" type="cond" truecount="4" falsecount="0"/>
        <line num="78" count="3" type="cond" truecount="2" falsecount="0"/>
        <line num="79" count="3" type="cond" truecount="2" falsecount="0"/>
        <line num="85" count="3" type="stmt"/>
        <line num="86" count="3" type="stmt"/>
        <line num="87" count="3" type="stmt"/>
        <line num="96" count="5" type="stmt"/>
        <line num="101" count="1" type="stmt"/>
        <line num="104" count="1" type="stmt"/>
        <line num="107" count="1" type="stmt"/>
        <line num="108" count="1" type="stmt"/>
        <line num="109" count="1" type="stmt"/>
        <line num="110" count="1" type="stmt"/>
        <line num="114" count="5" type="stmt"/>
        <line num="116" count="4" type="stmt"/>
        <line num="117" count="4" type="stmt"/>
        <line num="119" count="4" type="stmt"/>
        <line num="120" count="4" type="stmt"/>
        <line num="121" count="4" type="stmt"/>
        <line num="124" count="4" type="stmt"/>
        <line num="125" count="4" type="stmt"/>
        <line num="126" count="4" type="stmt"/>
        <line num="127" count="4" type="stmt"/>
        <line num="128" count="4" type="stmt"/>
        <line num="131" count="2" type="stmt"/>
        <line num="132" count="2" type="cond" truecount="2" falsecount="0"/>
        <line num="137" count="5" type="stmt"/>
        <line num="138" count="5" type="stmt"/>
      </file>
    </package>
  </project>
</coverage>
