{"/Users/rangga.pratam.local/Documents/GitHub/YoPrintReact/src/components/ActiveChips.tsx": {"path":"/Users/rangga.pratam.local/Documents/GitHub/YoPrintReact/src/components/ActiveChips.tsx","statementMap":{"0":{"start":{"line":24,"column":0},"end":{"line":24,"column":24}},"1":{"start":{"line":94,"column":0},"end":{"line":94,"column":16}},"2":{"start":{"line":1,"column":0},"end":{"line":1,"column":32}},"3":{"start":{"line":2,"column":0},"end":{"line":2,"column":51}},"4":{"start":{"line":5,"column":39},"end":{"line":14,"column":2}},"5":{"start":{"line":16,"column":43},"end":{"line":22,"column":2}},"6":{"start":{"line":25,"column":30},"end":{"line":25,"column":47}},"7":{"start":{"line":27,"column":16},"end":{"line":49,"column":14}},"8":{"start":{"line":28,"column":71},"end":{"line":28,"column":73}},"9":{"start":{"line":29,"column":79},"end":{"line":38,"column":6}},"10":{"start":{"line":30,"column":20},"end":{"line":30,"column":37}},"11":{"start":{"line":31,"column":23},"end":{"line":31,"column":55}},"12":{"start":{"line":32,"column":25},"end":{"line":32,"column":57}},"13":{"start":{"line":33,"column":25},"end":{"line":33,"column":57}},"14":{"start":{"line":34,"column":24},"end":{"line":34,"column":41}},"15":{"start":{"line":35,"column":23},"end":{"line":35,"column":40}},"16":{"start":{"line":36,"column":27},"end":{"line":36,"column":44}},"17":{"start":{"line":37,"column":23},"end":{"line":37,"column":40}},"18":{"start":{"line":40,"column":4},"end":{"line":47,"column":5}},"19":{"start":{"line":41,"column":18},"end":{"line":41,"column":33}},"20":{"start":{"line":42,"column":18},"end":{"line":42,"column":28}},"21":{"start":{"line":43,"column":6},"end":{"line":46,"column":7}},"22":{"start":{"line":44,"column":21},"end":{"line":44,"column":58}},"23":{"start":{"line":45,"column":8},"end":{"line":45,"column":52}},"24":{"start":{"line":48,"column":4},"end":{"line":48,"column":16}},"25":{"start":{"line":51,"column":19},"end":{"line":53,"column":3}},"26":{"start":{"line":52,"column":4},"end":{"line":52,"column":39}},"27":{"start":{"line":57,"column":4},"end":{"line":57,"column":31}},"28":{"start":{"line":57,"column":17},"end":{"line":57,"column":30}},"29":{"start":{"line":60,"column":2},"end":{"line":60,"column":38}},"30":{"start":{"line":60,"column":26},"end":{"line":60,"column":38}},"31":{"start":{"line":62,"column":2},"end":{"line":90,"column":4}},"32":{"start":{"line":73,"column":8},"end":{"line":73,"column":24}},"33":{"start":{"line":99,"column":15},"end":{"line":99,"column":42}},"34":{"start":{"line":100,"column":2},"end":{"line":100,"column":19}},"35":{"start":{"line":101,"column":2},"end":{"line":101,"column":24}},"36":{"start":{"line":102,"column":2},"end":{"line":102,"column":37}}},"fnMap":{"0":{"name":"ActiveChips","decl":{"start":{"line":24,"column":24},"end":{"line":24,"column":35}},"loc":{"start":{"line":24,"column":35},"end":{"line":91,"column":1}}},"1":{"name":"(anonymous_1)","decl":{"start":{"line":27,"column":24},"end":{"line":27,"column":27}},"loc":{"start":{"line":27,"column":29},"end":{"line":49,"column":3}}},"2":{"name":"(anonymous_2)","decl":{"start":{"line":30,"column":12},"end":{"line":30,"column":13}},"loc":{"start":{"line":30,"column":20},"end":{"line":30,"column":37}}},"3":{"name":"(anonymous_3)","decl":{"start":{"line":31,"column":15},"end":{"line":31,"column":16}},"loc":{"start":{"line":31,"column":23},"end":{"line":31,"column":55}}},"4":{"name":"(anonymous_4)","decl":{"start":{"line":32,"column":17},"end":{"line":32,"column":18}},"loc":{"start":{"line":32,"column":25},"end":{"line":32,"column":57}}},"5":{"name":"(anonymous_5)","decl":{"start":{"line":33,"column":17},"end":{"line":33,"column":18}},"loc":{"start":{"line":33,"column":25},"end":{"line":33,"column":57}}},"6":{"name":"(anonymous_6)","decl":{"start":{"line":34,"column":16},"end":{"line":34,"column":17}},"loc":{"start":{"line":34,"column":24},"end":{"line":34,"column":41}}},"7":{"name":"(anonymous_7)","decl":{"start":{"line":35,"column":15},"end":{"line":35,"column":16}},"loc":{"start":{"line":35,"column":23},"end":{"line":35,"column":40}}},"8":{"name":"(anonymous_8)","decl":{"start":{"line":36,"column":19},"end":{"line":36,"column":20}},"loc":{"start":{"line":36,"column":27},"end":{"line":36,"column":44}}},"9":{"name":"(anonymous_9)","decl":{"start":{"line":37,"column":15},"end":{"line":37,"column":16}},"loc":{"start":{"line":37,"column":23},"end":{"line":37,"column":40}}},"10":{"name":"(anonymous_10)","decl":{"start":{"line":51,"column":19},"end":{"line":51,"column":20}},"loc":{"start":{"line":51,"column":35},"end":{"line":53,"column":3}}},"11":{"name":"makeClearHandler","decl":{"start":{"line":56,"column":11},"end":{"line":56,"column":27}},"loc":{"start":{"line":56,"column":39},"end":{"line":58,"column":3}}},"12":{"name":"(anonymous_12)","decl":{"start":{"line":57,"column":11},"end":{"line":57,"column":14}},"loc":{"start":{"line":57,"column":17},"end":{"line":57,"column":30}}},"13":{"name":"(anonymous_13)","decl":{"start":{"line":72,"column":17},"end":{"line":72,"column":18}},"loc":{"start":{"line":73,"column":8},"end":{"line":73,"column":24}}},"14":{"name":"clearParam","decl":{"start":{"line":94,"column":16},"end":{"line":94,"column":26}},"loc":{"start":{"line":97,"column":13},"end":{"line":103,"column":1}}}},"branchMap":{"0":{"loc":{"start":{"line":30,"column":20},"end":{"line":30,"column":37}},"type":"cond-expr","locations":[{"start":{"line":30,"column":24},"end":{"line":30,"column":25}},{"start":{"line":30,"column":28},"end":{"line":30,"column":37}}]},"1":{"loc":{"start":{"line":31,"column":23},"end":{"line":31,"column":55}},"type":"cond-expr","locations":[{"start":{"line":31,"column":42},"end":{"line":31,"column":43}},{"start":{"line":31,"column":46},"end":{"line":31,"column":55}}]},"2":{"loc":{"start":{"line":31,"column":23},"end":{"line":31,"column":39}},"type":"binary-expr","locations":[{"start":{"line":31,"column":23},"end":{"line":31,"column":24}},{"start":{"line":31,"column":28},"end":{"line":31,"column":39}}]},"3":{"loc":{"start":{"line":32,"column":25},"end":{"line":32,"column":57}},"type":"cond-expr","locations":[{"start":{"line":32,"column":44},"end":{"line":32,"column":45}},{"start":{"line":32,"column":48},"end":{"line":32,"column":57}}]},"4":{"loc":{"start":{"line":32,"column":25},"end":{"line":32,"column":41}},"type":"binary-expr","locations":[{"start":{"line":32,"column":25},"end":{"line":32,"column":26}},{"start":{"line":32,"column":30},"end":{"line":32,"column":41}}]},"5":{"loc":{"start":{"line":33,"column":25},"end":{"line":33,"column":57}},"type":"cond-expr","locations":[{"start":{"line":33,"column":44},"end":{"line":33,"column":45}},{"start":{"line":33,"column":48},"end":{"line":33,"column":57}}]},"6":{"loc":{"start":{"line":33,"column":25},"end":{"line":33,"column":41}},"type":"binary-expr","locations":[{"start":{"line":33,"column":25},"end":{"line":33,"column":26}},{"start":{"line":33,"column":30},"end":{"line":33,"column":41}}]},"7":{"loc":{"start":{"line":34,"column":24},"end":{"line":34,"column":41}},"type":"cond-expr","locations":[{"start":{"line":34,"column":28},"end":{"line":34,"column":29}},{"start":{"line":34,"column":32},"end":{"line":34,"column":41}}]},"8":{"loc":{"start":{"line":35,"column":23},"end":{"line":35,"column":40}},"type":"cond-expr","locations":[{"start":{"line":35,"column":27},"end":{"line":35,"column":28}},{"start":{"line":35,"column":31},"end":{"line":35,"column":40}}]},"9":{"loc":{"start":{"line":36,"column":27},"end":{"line":36,"column":44}},"type":"cond-expr","locations":[{"start":{"line":36,"column":31},"end":{"line":36,"column":32}},{"start":{"line":36,"column":35},"end":{"line":36,"column":44}}]},"10":{"loc":{"start":{"line":37,"column":23},"end":{"line":37,"column":40}},"type":"cond-expr","locations":[{"start":{"line":37,"column":27},"end":{"line":37,"column":28}},{"start":{"line":37,"column":31},"end":{"line":37,"column":40}}]},"11":{"loc":{"start":{"line":43,"column":6},"end":{"line":46,"column":7}},"type":"if","locations":[{"start":{"line":43,"column":6},"end":{"line":46,"column":7}}]},"12":{"loc":{"start":{"line":44,"column":21},"end":{"line":44,"column":58}},"type":"cond-expr","locations":[{"start":{"line":44,"column":42},"end":{"line":44,"column":52}},{"start":{"line":44,"column":55},"end":{"line":44,"column":58}}]},"13":{"loc":{"start":{"line":60,"column":2},"end":{"line":60,"column":38}},"type":"if","locations":[{"start":{"line":60,"column":2},"end":{"line":60,"column":38}}]},"14":{"loc":{"start":{"line":75,"column":13},"end":{"line":75,"column":54}},"type":"cond-expr","locations":[{"start":{"line":75,"column":38},"end":{"line":75,"column":46}},{"start":{"line":75,"column":49},"end":{"line":75,"column":54}}]},"15":{"loc":{"start":{"line":75,"column":13},"end":{"line":75,"column":35}},"type":"binary-expr","locations":[{"start":{"line":75,"column":13},"end":{"line":75,"column":18}},{"start":{"line":75,"column":22},"end":{"line":75,"column":35}}]}},"s":{"0":3,"1":3,"2":3,"3":3,"4":3,"5":3,"6":10,"7":10,"8":10,"9":10,"10":10,"11":10,"12":10,"13":10,"14":10,"15":10,"16":10,"17":10,"18":10,"19":80,"20":80,"21":80,"22":36,"23":36,"24":10,"25":10,"26":8,"27":36,"28":8,"29":10,"30":2,"31":8,"32":36,"33":9,"34":9,"35":9,"36":9},"f":{"0":10,"1":10,"2":10,"3":10,"4":10,"5":10,"6":10,"7":10,"8":10,"9":10,"10":8,"11":36,"12":8,"13":36,"14":9},"b":{"0":[1,9],"1":[2,8],"2":[10,2],"3":[3,7],"4":[10,3],"5":[4,6],"6":[10,4],"7":[5,5],"8":[6,4],"9":[7,3],"10":[8,2],"11":[36],"12":[7,29],"13":[2],"14":[1,35],"15":[36,36]}}
,"/Users/rangga.pratam.local/Documents/GitHub/YoPrintReact/src/components/AnimeCard.tsx": {"path":"/Users/rangga.pratam.local/Documents/GitHub/YoPrintReact/src/components/AnimeCard.tsx","statementMap":{"0":{"start":{"line":6,"column":0},"end":{"line":6,"column":24}},"1":{"start":{"line":1,"column":0},"end":{"line":1,"column":40}},"2":{"start":{"line":8,"column":4},"end":{"line":12,"column":6}},"3":{"start":{"line":14,"column":2},"end":{"line":34,"column":4}}},"fnMap":{"0":{"name":"AnimeCard","decl":{"start":{"line":6,"column":24},"end":{"line":6,"column":33}},"loc":{"start":{"line":6,"column":50},"end":{"line":35,"column":1}}}},"branchMap":{"0":{"loc":{"start":{"line":8,"column":4},"end":{"line":12,"column":6}},"type":"binary-expr","locations":[{"start":{"line":8,"column":4},"end":{"line":8,"column":38}},{"start":{"line":9,"column":4},"end":{"line":9,"column":32}},{"start":{"line":10,"column":4},"end":{"line":10,"column":37}},{"start":{"line":11,"column":4},"end":{"line":11,"column":31}},{"start":{"line":12,"column":4},"end":{"line":12,"column":6}}]},"1":{"loc":{"start":{"line":21,"column":9},"end":{"line":24,"column":null}},"type":"cond-expr","locations":[{"start":{"line":22,"column":10},"end":{"line":22,"column":60}},{"start":{"line":24,"column":10},"end":{"line":24,"column":47}}]},"2":{"loc":{"start":{"line":29,"column":9},"end":{"line":30,"column":null}},"type":"binary-expr","locations":[{"start":{"line":29,"column":9},"end":{"line":29,"column":40}},{"start":{"line":30,"column":10},"end":{"line":30,"column":67}}]}},"s":{"0":2,"1":2,"2":2,"3":2},"f":{"0":2},"b":{"0":[2,2,2,2,1],"1":[1,1],"2":[2,1]}}
,"/Users/rangga.pratam.local/Documents/GitHub/YoPrintReact/src/components/FilterBar.tsx": {"path":"/Users/rangga.pratam.local/Documents/GitHub/YoPrintReact/src/components/FilterBar.tsx","statementMap":{"0":{"start":{"line":31,"column":0},"end":{"line":31,"column":24}},"1":{"start":{"line":1,"column":0},"end":{"line":1,"column":61}},"2":{"start":{"line":2,"column":0},"end":{"line":2,"column":51}},"3":{"start":{"line":4,"column":14},"end":{"line":15,"column":11}},"4":{"start":{"line":16,"column":17},"end":{"line":16,"column":67}},"5":{"start":{"line":17,"column":16},"end":{"line":17,"column":69}},"6":{"start":{"line":18,"column":17},"end":{"line":28,"column":11}},"7":{"start":{"line":29,"column":18},"end":{"line":29,"column":42}},"8":{"start":{"line":32,"column":30},"end":{"line":32,"column":47}},"9":{"start":{"line":33,"column":34},"end":{"line":33,"column":49}},"10":{"start":{"line":34,"column":23},"end":{"line":34,"column":55}},"11":{"start":{"line":35,"column":36},"end":{"line":35,"column":55}},"12":{"start":{"line":37,"column":17},"end":{"line":46,"column":14}},"13":{"start":{"line":38,"column":17},"end":{"line":38,"column":44}},"14":{"start":{"line":39,"column":19},"end":{"line":39,"column":48}},"15":{"start":{"line":40,"column":19},"end":{"line":40,"column":48}},"16":{"start":{"line":41,"column":18},"end":{"line":41,"column":43}},"17":{"start":{"line":42,"column":17},"end":{"line":42,"column":41}},"18":{"start":{"line":43,"column":20},"end":{"line":43,"column":48}},"19":{"start":{"line":44,"column":17},"end":{"line":44,"column":41}},"20":{"start":{"line":45,"column":4},"end":{"line":45,"column":64}},"21":{"start":{"line":48,"column":16},"end":{"line":53,"column":8}},"22":{"start":{"line":49,"column":20},"end":{"line":49,"column":44}},"23":{"start":{"line":50,"column":27},"end":{"line":50,"column":29}},"24":{"start":{"line":51,"column":4},"end":{"line":51,"column":55}},"25":{"start":{"line":51,"column":17},"end":{"line":51,"column":24}},"26":{"start":{"line":51,"column":42},"end":{"line":51,"column":55}},"27":{"start":{"line":52,"column":4},"end":{"line":52,"column":16}},"28":{"start":{"line":55,"column":17},"end":{"line":61,"column":3}},"29":{"start":{"line":56,"column":17},"end":{"line":56,"column":44}},"30":{"start":{"line":57,"column":4},"end":{"line":58,"column":26}},"31":{"start":{"line":57,"column":30},"end":{"line":57,"column":49}},"32":{"start":{"line":58,"column":9},"end":{"line":58,"column":26}},"33":{"start":{"line":59,"column":4},"end":{"line":59,"column":26}},"34":{"start":{"line":60,"column":4},"end":{"line":60,"column":39}},"35":{"start":{"line":63,"column":17},"end":{"line":73,"column":14}},"36":{"start":{"line":64,"column":4},"end":{"line":72,"column":6}},"37":{"start":{"line":75,"column":19},"end":{"line":86,"column":3}},"38":{"start":{"line":76,"column":17},"end":{"line":76,"column":44}},"39":{"start":{"line":77,"column":4},"end":{"line":77,"column":24}},"40":{"start":{"line":78,"column":4},"end":{"line":78,"column":26}},"41":{"start":{"line":79,"column":4},"end":{"line":79,"column":26}},"42":{"start":{"line":80,"column":4},"end":{"line":80,"column":25}},"43":{"start":{"line":81,"column":4},"end":{"line":81,"column":24}},"44":{"start":{"line":82,"column":4},"end":{"line":82,"column":28}},"45":{"start":{"line":83,"column":4},"end":{"line":83,"column":24}},"46":{"start":{"line":84,"column":4},"end":{"line":84,"column":26}},"47":{"start":{"line":85,"column":4},"end":{"line":85,"column":39}},"48":{"start":{"line":89,"column":2},"end":{"line":102,"column":25}},"49":{"start":{"line":90,"column":15},"end":{"line":90,"column":57}},"50":{"start":{"line":93,"column":4},"end":{"line":101,"column":5}},"51":{"start":{"line":95,"column":18},"end":{"line":97,"column":8}},"52":{"start":{"line":96,"column":8},"end":{"line":96,"column":38}},"53":{"start":{"line":98,"column":6},"end":{"line":98,"column":45}},"54":{"start":{"line":98,"column":19},"end":{"line":98,"column":44}},"55":{"start":{"line":100,"column":6},"end":{"line":100,"column":22}},"56":{"start":{"line":104,"column":44},"end":{"line":113,"column":4}},"57":{"start":{"line":115,"column":2},"end":{"line":262,"column":4}},"58":{"start":{"line":120,"column":25},"end":{"line":120,"column":42}},"59":{"start":{"line":132,"column":10},"end":{"line":132,"column":72}},"60":{"start":{"line":140,"column":29},"end":{"line":140,"column":59}},"61":{"start":{"line":143,"column":14},"end":{"line":143,"column":30}},"62":{"start":{"line":154,"column":29},"end":{"line":154,"column":61}},"63":{"start":{"line":157,"column":14},"end":{"line":157,"column":30}},"64":{"start":{"line":169,"column":29},"end":{"line":169,"column":61}},"65":{"start":{"line":172,"column":14},"end":{"line":172,"column":30}},"66":{"start":{"line":184,"column":29},"end":{"line":184,"column":60}},"67":{"start":{"line":187,"column":50},"end":{"line":187,"column":63}},"68":{"start":{"line":188,"column":14},"end":{"line":188,"column":30}},"69":{"start":{"line":200,"column":29},"end":{"line":200,"column":59}},"70":{"start":{"line":204,"column":14},"end":{"line":204,"column":30}},"71":{"start":{"line":216,"column":29},"end":{"line":216,"column":63}},"72":{"start":{"line":220,"column":14},"end":{"line":220,"column":30}},"73":{"start":{"line":232,"column":29},"end":{"line":232,"column":59}},"74":{"start":{"line":236,"column":14},"end":{"line":236,"column":30}},"75":{"start":{"line":254,"column":27},"end":{"line":254,"column":45}}},"fnMap":{"0":{"name":"FilterBar","decl":{"start":{"line":31,"column":24},"end":{"line":31,"column":33}},"loc":{"start":{"line":31,"column":33},"end":{"line":263,"column":1}}},"1":{"name":"(anonymous_1)","decl":{"start":{"line":37,"column":25},"end":{"line":37,"column":28}},"loc":{"start":{"line":37,"column":30},"end":{"line":46,"column":3}}},"2":{"name":"(anonymous_2)","decl":{"start":{"line":48,"column":24},"end":{"line":48,"column":27}},"loc":{"start":{"line":48,"column":29},"end":{"line":53,"column":3}}},"3":{"name":"(anonymous_3)","decl":{"start":{"line":55,"column":17},"end":{"line":55,"column":18}},"loc":{"start":{"line":55,"column":46},"end":{"line":61,"column":3}}},"4":{"name":"(anonymous_4)","decl":{"start":{"line":63,"column":25},"end":{"line":63,"column":28}},"loc":{"start":{"line":63,"column":30},"end":{"line":73,"column":3}}},"5":{"name":"(anonymous_5)","decl":{"start":{"line":75,"column":19},"end":{"line":75,"column":22}},"loc":{"start":{"line":75,"column":24},"end":{"line":86,"column":3}}},"6":{"name":"(anonymous_6)","decl":{"start":{"line":89,"column":12},"end":{"line":89,"column":15}},"loc":{"start":{"line":89,"column":17},"end":{"line":102,"column":3}}},"7":{"name":"(anonymous_7)","decl":{"start":{"line":95,"column":40},"end":{"line":95,"column":43}},"loc":{"start":{"line":95,"column":45},"end":{"line":97,"column":7}}},"8":{"name":"(anonymous_8)","decl":{"start":{"line":98,"column":13},"end":{"line":98,"column":16}},"loc":{"start":{"line":98,"column":19},"end":{"line":98,"column":44}}},"9":{"name":"(anonymous_9)","decl":{"start":{"line":120,"column":19},"end":{"line":120,"column":22}},"loc":{"start":{"line":120,"column":25},"end":{"line":120,"column":42}}},"10":{"name":"(anonymous_10)","decl":{"start":{"line":131,"column":13},"end":{"line":131,"column":14}},"loc":{"start":{"line":131,"column":20},"end":{"line":133,"column":9}}},"11":{"name":"(anonymous_11)","decl":{"start":{"line":140,"column":22},"end":{"line":140,"column":23}},"loc":{"start":{"line":140,"column":29},"end":{"line":140,"column":59}}},"12":{"name":"(anonymous_12)","decl":{"start":{"line":142,"column":23},"end":{"line":142,"column":24}},"loc":{"start":{"line":143,"column":14},"end":{"line":143,"column":30}}},"13":{"name":"(anonymous_13)","decl":{"start":{"line":154,"column":22},"end":{"line":154,"column":23}},"loc":{"start":{"line":154,"column":29},"end":{"line":154,"column":61}}},"14":{"name":"(anonymous_14)","decl":{"start":{"line":156,"column":26},"end":{"line":156,"column":27}},"loc":{"start":{"line":157,"column":14},"end":{"line":157,"column":30}}},"15":{"name":"(anonymous_15)","decl":{"start":{"line":169,"column":22},"end":{"line":169,"column":23}},"loc":{"start":{"line":169,"column":29},"end":{"line":169,"column":61}}},"16":{"name":"(anonymous_16)","decl":{"start":{"line":171,"column":25},"end":{"line":171,"column":26}},"loc":{"start":{"line":172,"column":14},"end":{"line":172,"column":30}}},"17":{"name":"(anonymous_17)","decl":{"start":{"line":184,"column":22},"end":{"line":184,"column":23}},"loc":{"start":{"line":184,"column":29},"end":{"line":184,"column":60}}},"18":{"name":"(anonymous_18)","decl":{"start":{"line":187,"column":40},"end":{"line":187,"column":41}},"loc":{"start":{"line":187,"column":50},"end":{"line":187,"column":63}}},"19":{"name":"(anonymous_19)","decl":{"start":{"line":187,"column":69},"end":{"line":187,"column":70}},"loc":{"start":{"line":188,"column":14},"end":{"line":188,"column":30}}},"20":{"name":"(anonymous_20)","decl":{"start":{"line":200,"column":22},"end":{"line":200,"column":23}},"loc":{"start":{"line":200,"column":29},"end":{"line":200,"column":59}}},"21":{"name":"(anonymous_21)","decl":{"start":{"line":203,"column":23},"end":{"line":203,"column":24}},"loc":{"start":{"line":204,"column":14},"end":{"line":204,"column":30}}},"22":{"name":"(anonymous_22)","decl":{"start":{"line":216,"column":22},"end":{"line":216,"column":23}},"loc":{"start":{"line":216,"column":29},"end":{"line":216,"column":63}}},"23":{"name":"(anonymous_23)","decl":{"start":{"line":219,"column":26},"end":{"line":219,"column":27}},"loc":{"start":{"line":220,"column":14},"end":{"line":220,"column":30}}},"24":{"name":"(anonymous_24)","decl":{"start":{"line":232,"column":22},"end":{"line":232,"column":23}},"loc":{"start":{"line":232,"column":29},"end":{"line":232,"column":59}}},"25":{"name":"(anonymous_25)","decl":{"start":{"line":235,"column":27},"end":{"line":235,"column":28}},"loc":{"start":{"line":236,"column":14},"end":{"line":236,"column":30}}},"26":{"name":"(anonymous_26)","decl":{"start":{"line":254,"column":21},"end":{"line":254,"column":24}},"loc":{"start":{"line":254,"column":27},"end":{"line":254,"column":45}}}},"branchMap":{"0":{"loc":{"start":{"line":38,"column":17},"end":{"line":38,"column":44}},"type":"binary-expr","locations":[{"start":{"line":38,"column":17},"end":{"line":38,"column":35}},{"start":{"line":38,"column":39},"end":{"line":38,"column":44}}]},"1":{"loc":{"start":{"line":39,"column":19},"end":{"line":39,"column":48}},"type":"binary-expr","locations":[{"start":{"line":39,"column":19},"end":{"line":39,"column":39}},{"start":{"line":39,"column":43},"end":{"line":39,"column":48}}]},"2":{"loc":{"start":{"line":40,"column":19},"end":{"line":40,"column":48}},"type":"binary-expr","locations":[{"start":{"line":40,"column":19},"end":{"line":40,"column":39}},{"start":{"line":40,"column":43},"end":{"line":40,"column":48}}]},"3":{"loc":{"start":{"line":41,"column":18},"end":{"line":41,"column":43}},"type":"binary-expr","locations":[{"start":{"line":41,"column":18},"end":{"line":41,"column":37}},{"start":{"line":41,"column":41},"end":{"line":41,"column":43}}]},"4":{"loc":{"start":{"line":42,"column":17},"end":{"line":42,"column":41}},"type":"binary-expr","locations":[{"start":{"line":42,"column":17},"end":{"line":42,"column":35}},{"start":{"line":42,"column":39},"end":{"line":42,"column":41}}]},"5":{"loc":{"start":{"line":43,"column":20},"end":{"line":43,"column":48}},"type":"binary-expr","locations":[{"start":{"line":43,"column":20},"end":{"line":43,"column":42}},{"start":{"line":43,"column":46},"end":{"line":43,"column":48}}]},"6":{"loc":{"start":{"line":44,"column":17},"end":{"line":44,"column":41}},"type":"binary-expr","locations":[{"start":{"line":44,"column":17},"end":{"line":44,"column":35}},{"start":{"line":44,"column":39},"end":{"line":44,"column":41}}]},"7":{"loc":{"start":{"line":57,"column":4},"end":{"line":58,"column":26}},"type":"if","locations":[{"start":{"line":57,"column":4},"end":{"line":58,"column":26}},{"start":{"line":58,"column":9},"end":{"line":58,"column":26}}]},"8":{"loc":{"start":{"line":57,"column":8},"end":{"line":57,"column":28}},"type":"binary-expr","locations":[{"start":{"line":57,"column":8},"end":{"line":57,"column":11}},{"start":{"line":57,"column":15},"end":{"line":57,"column":28}}]},"9":{"loc":{"start":{"line":65,"column":6},"end":{"line":71,"column":39}},"type":"binary-expr","locations":[{"start":{"line":65,"column":6},"end":{"line":65,"column":39}},{"start":{"line":66,"column":6},"end":{"line":66,"column":41}},{"start":{"line":67,"column":6},"end":{"line":67,"column":41}},{"start":{"line":68,"column":6},"end":{"line":68,"column":40}},{"start":{"line":69,"column":6},"end":{"line":69,"column":39}},{"start":{"line":70,"column":6},"end":{"line":70,"column":43}},{"start":{"line":71,"column":6},"end":{"line":71,"column":39}}]},"10":{"loc":{"start":{"line":65,"column":7},"end":{"line":65,"column":31}},"type":"binary-expr","locations":[{"start":{"line":65,"column":7},"end":{"line":65,"column":25}},{"start":{"line":65,"column":29},"end":{"line":65,"column":31}}]},"11":{"loc":{"start":{"line":66,"column":7},"end":{"line":66,"column":33}},"type":"binary-expr","locations":[{"start":{"line":66,"column":7},"end":{"line":66,"column":27}},{"start":{"line":66,"column":31},"end":{"line":66,"column":33}}]},"12":{"loc":{"start":{"line":67,"column":7},"end":{"line":67,"column":33}},"type":"binary-expr","locations":[{"start":{"line":67,"column":7},"end":{"line":67,"column":27}},{"start":{"line":67,"column":31},"end":{"line":67,"column":33}}]},"13":{"loc":{"start":{"line":68,"column":7},"end":{"line":68,"column":32}},"type":"binary-expr","locations":[{"start":{"line":68,"column":7},"end":{"line":68,"column":26}},{"start":{"line":68,"column":30},"end":{"line":68,"column":32}}]},"14":{"loc":{"start":{"line":69,"column":7},"end":{"line":69,"column":31}},"type":"binary-expr","locations":[{"start":{"line":69,"column":7},"end":{"line":69,"column":25}},{"start":{"line":69,"column":29},"end":{"line":69,"column":31}}]},"15":{"loc":{"start":{"line":70,"column":7},"end":{"line":70,"column":35}},"type":"binary-expr","locations":[{"start":{"line":70,"column":7},"end":{"line":70,"column":29}},{"start":{"line":70,"column":33},"end":{"line":70,"column":35}}]},"16":{"loc":{"start":{"line":71,"column":7},"end":{"line":71,"column":31}},"type":"binary-expr","locations":[{"start":{"line":71,"column":7},"end":{"line":71,"column":25}},{"start":{"line":71,"column":29},"end":{"line":71,"column":31}}]},"17":{"loc":{"start":{"line":93,"column":4},"end":{"line":101,"column":5}},"type":"if","locations":[{"start":{"line":93,"column":4},"end":{"line":101,"column":5}},{"start":{"line":99,"column":11},"end":{"line":101,"column":5}}]},"18":{"loc":{"start":{"line":106,"column":15},"end":{"line":106,"column":54}},"type":"cond-expr","locations":[{"start":{"line":106,"column":26},"end":{"line":106,"column":37}},{"start":{"line":106,"column":40},"end":{"line":106,"column":54}}]},"19":{"loc":{"start":{"line":107,"column":13},"end":{"line":107,"column":29}},"type":"cond-expr","locations":[{"start":{"line":107,"column":24},"end":{"line":107,"column":25}},{"start":{"line":107,"column":28},"end":{"line":107,"column":29}}]},"20":{"loc":{"start":{"line":112,"column":19},"end":{"line":112,"column":45}},"type":"cond-expr","locations":[{"start":{"line":112,"column":30},"end":{"line":112,"column":36}},{"start":{"line":112,"column":39},"end":{"line":112,"column":45}}]},"21":{"loc":{"start":{"line":117,"column":7},"end":{"line":124,"column":null}},"type":"binary-expr","locations":[{"start":{"line":117,"column":7},"end":{"line":117,"column":16}},{"start":{"line":118,"column":8},"end":{"line":121,"column":null}}]},"22":{"loc":{"start":{"line":132,"column":34},"end":{"line":132,"column":71}},"type":"binary-expr","locations":[{"start":{"line":132,"column":34},"end":{"line":132,"column":63}},{"start":{"line":132,"column":67},"end":{"line":132,"column":71}}]}},"s":{"0":3,"1":3,"2":3,"3":3,"4":3,"5":3,"6":3,"7":3,"8":39,"9":39,"10":39,"11":39,"12":39,"13":22,"14":22,"15":22,"16":22,"17":22,"18":22,"19":22,"20":22,"21":39,"22":6,"23":6,"24":6,"25":6,"26":456,"27":6,"28":39,"29":15,"30":15,"31":8,"32":7,"33":15,"34":15,"35":39,"36":22,"37":39,"38":1,"39":1,"40":1,"41":1,"42":1,"43":1,"44":1,"45":1,"46":1,"47":1,"48":39,"49":29,"50":29,"51":14,"52":3,"53":14,"54":14,"55":15,"56":39,"57":39,"58":5,"59":64,"60":2,"61":390,"62":2,"63":156,"64":2,"65":273,"66":2,"67":390,"68":390,"69":2,"70":2964,"71":2,"72":351,"73":3,"74":78,"75":2},"f":{"0":39,"1":22,"2":6,"3":15,"4":22,"5":1,"6":29,"7":3,"8":14,"9":5,"10":64,"11":2,"12":390,"13":2,"14":156,"15":2,"16":273,"17":2,"18":390,"19":390,"20":2,"21":2964,"22":2,"23":351,"24":3,"25":78,"26":2},"b":{"0":[22,12],"1":[22,11],"2":[22,10],"3":[22,9],"4":[22,8],"5":[22,7],"6":[22,5],"7":[8,7],"8":[15,11],"9":[22,12,11,10,9,8,7],"10":[22,12],"11":[12,11],"12":[11,10],"13":[10,9],"14":[9,8],"15":[8,7],"16":[7,5],"17":[14,15],"18":[18,21],"19":[18,21],"20":[18,21],"21":[39,21],"22":[64,32]}}
,"/Users/rangga.pratam.local/Documents/GitHub/YoPrintReact/src/components/Header.tsx": {"path":"/Users/rangga.pratam.local/Documents/GitHub/YoPrintReact/src/components/Header.tsx","statementMap":{"0":{"start":{"line":7,"column":0},"end":{"line":7,"column":24}},"1":{"start":{"line":1,"column":0},"end":{"line":1,"column":70}},"2":{"start":{"line":2,"column":0},"end":{"line":2,"column":44}},"3":{"start":{"line":4,"column":0},"end":{"line":4,"column":22}},"4":{"start":{"line":5,"column":0},"end":{"line":5,"column":45}},"5":{"start":{"line":8,"column":36},"end":{"line":8,"column":53}},"6":{"start":{"line":9,"column":19},"end":{"line":9,"column":32}},"7":{"start":{"line":10,"column":26},"end":{"line":10,"column":46}},"8":{"start":{"line":11,"column":28},"end":{"line":11,"column":38}},"9":{"start":{"line":13,"column":2},"end":{"line":15,"column":15}},"10":{"start":{"line":14,"column":4},"end":{"line":14,"column":35}},"11":{"start":{"line":17,"column":19},"end":{"line":21,"column":3}},"12":{"start":{"line":18,"column":4},"end":{"line":18,"column":23}},"13":{"start":{"line":19,"column":14},"end":{"line":19,"column":25}},"14":{"start":{"line":20,"column":4},"end":{"line":20,"column":55}},"15":{"start":{"line":23,"column":19},"end":{"line":32,"column":3}},"16":{"start":{"line":24,"column":4},"end":{"line":24,"column":19}},"17":{"start":{"line":25,"column":14},"end":{"line":25,"column":26}},"18":{"start":{"line":26,"column":17},"end":{"line":26,"column":44}},"19":{"start":{"line":27,"column":4},"end":{"line":28,"column":26}},"20":{"start":{"line":27,"column":11},"end":{"line":27,"column":28}},"21":{"start":{"line":28,"column":9},"end":{"line":28,"column":26}},"22":{"start":{"line":30,"column":4},"end":{"line":30,"column":26}},"23":{"start":{"line":31,"column":4},"end":{"line":31,"column":45}},"24":{"start":{"line":34,"column":2},"end":{"line":60,"column":4}},"25":{"start":{"line":53,"column":29},"end":{"line":53,"column":53}}},"fnMap":{"0":{"name":"Header","decl":{"start":{"line":7,"column":24},"end":{"line":7,"column":30}},"loc":{"start":{"line":7,"column":30},"end":{"line":61,"column":1}}},"1":{"name":"(anonymous_1)","decl":{"start":{"line":13,"column":12},"end":{"line":13,"column":15}},"loc":{"start":{"line":13,"column":17},"end":{"line":15,"column":3}}},"2":{"name":"(anonymous_2)","decl":{"start":{"line":17,"column":19},"end":{"line":17,"column":20}},"loc":{"start":{"line":17,"column":36},"end":{"line":21,"column":3}}},"3":{"name":"(anonymous_3)","decl":{"start":{"line":23,"column":19},"end":{"line":23,"column":20}},"loc":{"start":{"line":23,"column":37},"end":{"line":32,"column":3}}},"4":{"name":"(anonymous_4)","decl":{"start":{"line":53,"column":22},"end":{"line":53,"column":23}},"loc":{"start":{"line":53,"column":29},"end":{"line":53,"column":53}}}},"branchMap":{"0":{"loc":{"start":{"line":14,"column":12},"end":{"line":14,"column":33}},"type":"binary-expr","locations":[{"start":{"line":14,"column":12},"end":{"line":14,"column":27}},{"start":{"line":14,"column":31},"end":{"line":14,"column":33}}]},"1":{"loc":{"start":{"line":20,"column":13},"end":{"line":20,"column":53}},"type":"cond-expr","locations":[{"start":{"line":20,"column":17},"end":{"line":20,"column":47}},{"start":{"line":20,"column":50},"end":{"line":20,"column":53}}]},"2":{"loc":{"start":{"line":27,"column":4},"end":{"line":28,"column":26}},"type":"if","locations":[{"start":{"line":27,"column":4},"end":{"line":28,"column":26}},{"start":{"line":28,"column":9},"end":{"line":28,"column":26}}]},"3":{"loc":{"start":{"line":41,"column":32},"end":{"line":41,"column":67}},"type":"cond-expr","locations":[{"start":{"line":41,"column":51},"end":{"line":41,"column":58}},{"start":{"line":41,"column":61},"end":{"line":41,"column":67}}]},"4":{"loc":{"start":{"line":44,"column":13},"end":{"line":44,"column":43}},"type":"cond-expr","locations":[{"start":{"line":44,"column":32},"end":{"line":44,"column":36}},{"start":{"line":44,"column":39},"end":{"line":44,"column":43}}]}},"s":{"0":2,"1":2,"2":2,"3":2,"4":2,"5":12,"6":12,"7":12,"8":12,"9":12,"10":9,"11":12,"12":2,"13":2,"14":2,"15":12,"16":3,"17":3,"18":3,"19":3,"20":2,"21":1,"22":3,"23":3,"24":12,"25":3},"f":{"0":12,"1":9,"2":2,"3":3,"4":3},"b":{"0":[9,6],"1":[1,1],"2":[2,1],"3":[1,11],"4":[1,11]}}
,"/Users/rangga.pratam.local/Documents/GitHub/YoPrintReact/src/components/Pagination.tsx": {"path":"/Users/rangga.pratam.local/Documents/GitHub/YoPrintReact/src/components/Pagination.tsx","statementMap":{"0":{"start":{"line":8,"column":0},"end":{"line":8,"column":24}},"1":{"start":{"line":9,"column":2},"end":{"line":29,"column":null}}},"fnMap":{"0":{"name":"Pagination","decl":{"start":{"line":8,"column":24},"end":{"line":8,"column":34}},"loc":{"start":{"line":8,"column":75},"end":{"line":30,"column":1}}}},"branchMap":{},"s":{"0":1,"1":1},"f":{"0":1},"b":{}}
,"/Users/rangga.pratam.local/Documents/GitHub/YoPrintReact/src/store/detailSlice.ts": {"path":"/Users/rangga.pratam.local/Documents/GitHub/YoPrintReact/src/store/detailSlice.ts","statementMap":{"0":{"start":{"line":1,"column":0},"end":{"line":1,"column":64}},"1":{"start":{"line":10,"column":34},"end":{"line":14,"column":null}},"2":{"start":{"line":16,"column":13},"end":{"line":26,"column":null}},"3":{"start":{"line":22,"column":16},"end":{"line":22,"column":79}},"4":{"start":{"line":23,"column":34},"end":{"line":23,"column":50}},"5":{"start":{"line":24,"column":4},"end":{"line":24,"column":null}},"6":{"start":{"line":28,"column":20},"end":{"line":51,"column":2}},"7":{"start":{"line":33,"column":4},"end":{"line":49,"column":null}},"8":{"start":{"line":35,"column":19},"end":{"line":35,"column":34}},"9":{"start":{"line":36,"column":8},"end":{"line":36,"column":null}},"10":{"start":{"line":37,"column":8},"end":{"line":37,"column":null}},"11":{"start":{"line":40,"column":30},"end":{"line":40,"column":44}},"12":{"start":{"line":41,"column":8},"end":{"line":41,"column":null}},"13":{"start":{"line":42,"column":8},"end":{"line":42,"column":null}},"14":{"start":{"line":43,"column":8},"end":{"line":43,"column":null}},"15":{"start":{"line":46,"column":19},"end":{"line":46,"column":34}},"16":{"start":{"line":47,"column":8},"end":{"line":47,"column":null}},"17":{"start":{"line":48,"column":8},"end":{"line":48,"column":null}},"18":{"start":{"line":53,"column":0},"end":{"line":53,"column":null}}},"fnMap":{"0":{"name":"(anonymous_0)","decl":{"start":{"line":21,"column":2},"end":{"line":21,"column":7}},"loc":{"start":{"line":21,"column":35},"end":{"line":25,"column":3}}},"1":{"name":"(anonymous_1)","decl":{"start":{"line":32,"column":17},"end":{"line":32,"column":18}},"loc":{"start":{"line":32,"column":29},"end":{"line":50,"column":3}}},"2":{"name":"(anonymous_2)","decl":{"start":{"line":34,"column":39},"end":{"line":34,"column":40}},"loc":{"start":{"line":34,"column":57},"end":{"line":38,"column":7}}},"3":{"name":"(anonymous_3)","decl":{"start":{"line":39,"column":41},"end":{"line":39,"column":42}},"loc":{"start":{"line":39,"column":59},"end":{"line":44,"column":7}}},"4":{"name":"(anonymous_4)","decl":{"start":{"line":45,"column":40},"end":{"line":45,"column":41}},"loc":{"start":{"line":45,"column":58},"end":{"line":49,"column":7}}}},"branchMap":{"0":{"loc":{"start":{"line":48,"column":30},"end":{"line":48,"column":70}},"type":"binary-expr","locations":[{"start":{"line":48,"column":30},"end":{"line":48,"column":50}},{"start":{"line":48,"column":54},"end":{"line":48,"column":70}}]}},"s":{"0":6,"1":6,"2":6,"3":1,"4":1,"5":1,"6":6,"7":6,"8":3,"9":3,"10":3,"11":2,"12":2,"13":2,"14":2,"15":2,"16":2,"17":2,"18":6},"f":{"0":1,"1":6,"2":3,"3":2,"4":2},"b":{"0":[2,1]}}
,"/Users/rangga.pratam.local/Documents/GitHub/YoPrintReact/src/store/hooks.ts": {"path":"/Users/rangga.pratam.local/Documents/GitHub/YoPrintReact/src/store/hooks.ts","statementMap":{"0":{"start":{"line":1,"column":0},"end":{"line":1,"column":54}},"1":{"start":{"line":5,"column":13},"end":{"line":5,"column":null}},"2":{"start":{"line":6,"column":13},"end":{"line":6,"column":null}}},"fnMap":{},"branchMap":{},"s":{"0":1,"1":1,"2":1},"f":{},"b":{}}
,"/Users/rangga.pratam.local/Documents/GitHub/YoPrintReact/src/store/index.ts": {"path":"/Users/rangga.pratam.local/Documents/GitHub/YoPrintReact/src/store/index.ts","statementMap":{"0":{"start":{"line":1,"column":0},"end":{"line":1,"column":49}},"1":{"start":{"line":2,"column":0},"end":{"line":2,"column":41}},"2":{"start":{"line":3,"column":0},"end":{"line":3,"column":41}},"3":{"start":{"line":5,"column":13},"end":{"line":10,"column":null}}},"fnMap":{},"branchMap":{},"s":{"0":3,"1":3,"2":3,"3":3},"f":{},"b":{}}
,"/Users/rangga.pratam.local/Documents/GitHub/YoPrintReact/src/store/searchSlice.ts": {"path":"/Users/rangga.pratam.local/Documents/GitHub/YoPrintReact/src/store/searchSlice.ts","statementMap":{"0":{"start":{"line":1,"column":0},"end":{"line":1,"column":65}},"1":{"start":{"line":27,"column":34},"end":{"line":34,"column":2}},"2":{"start":{"line":36,"column":13},"end":{"line":94,"column":2}},"3":{"start":{"line":45,"column":17},"end":{"line":45,"column":43}},"4":{"start":{"line":47,"column":23},"end":{"line":54,"column":null}},"5":{"start":{"line":57,"column":29},"end":{"line":57,"column":63}},"6":{"start":{"line":59,"column":4},"end":{"line":59,"column":53}},"7":{"start":{"line":59,"column":11},"end":{"line":59,"column":53}},"8":{"start":{"line":61,"column":4},"end":{"line":61,"column":80}},"9":{"start":{"line":61,"column":32},"end":{"line":61,"column":80}},"10":{"start":{"line":62,"column":4},"end":{"line":63,"column":58}},"11":{"start":{"line":63,"column":6},"end":{"line":63,"column":58}},"12":{"start":{"line":64,"column":4},"end":{"line":65,"column":58}},"13":{"start":{"line":65,"column":6},"end":{"line":65,"column":58}},"14":{"start":{"line":66,"column":4},"end":{"line":67,"column":40}},"15":{"start":{"line":67,"column":6},"end":{"line":67,"column":40}},"16":{"start":{"line":68,"column":4},"end":{"line":71,"column":5}},"17":{"start":{"line":69,"column":6},"end":{"line":69,"column":46}},"18":{"start":{"line":70,"column":6},"end":{"line":70,"column":44}},"19":{"start":{"line":74,"column":18},"end":{"line":74,"column":67}},"20":{"start":{"line":76,"column":6},"end":{"line":76,"column":55}},"21":{"start":{"line":78,"column":30},"end":{"line":78,"column":45}},"22":{"start":{"line":79,"column":16},"end":{"line":83,"column":47}},"23":{"start":{"line":85,"column":16},"end":{"line":85,"column":44}},"24":{"start":{"line":86,"column":38},"end":{"line":86,"column":54}},"25":{"start":{"line":87,"column":4},"end":{"line":92,"column":6}},"26":{"start":{"line":96,"column":20},"end":{"line":135,"column":2}},"27":{"start":{"line":101,"column":6},"end":{"line":101,"column":31}},"28":{"start":{"line":104,"column":6},"end":{"line":104,"column":34}},"29":{"start":{"line":107,"column":6},"end":{"line":107,"column":23}},"30":{"start":{"line":108,"column":6},"end":{"line":108,"column":28}},"31":{"start":{"line":109,"column":6},"end":{"line":109,"column":25}},"32":{"start":{"line":110,"column":6},"end":{"line":110,"column":28}},"33":{"start":{"line":114,"column":4},"end":{"line":133,"column":9}},"34":{"start":{"line":116,"column":8},"end":{"line":116,"column":29}},"35":{"start":{"line":117,"column":8},"end":{"line":117,"column":27}},"36":{"start":{"line":119,"column":28},"end":{"line":119,"column":43}},"37":{"start":{"line":120,"column":8},"end":{"line":120,"column":20}},"38":{"start":{"line":121,"column":8},"end":{"line":121,"column":26}},"39":{"start":{"line":124,"column":8},"end":{"line":124,"column":30}},"40":{"start":{"line":125,"column":8},"end":{"line":125,"column":43}},"41":{"start":{"line":126,"column":8},"end":{"line":126,"column":47}},"42":{"start":{"line":127,"column":8},"end":{"line":127,"column":35}},"43":{"start":{"line":128,"column":8},"end":{"line":128,"column":41}},"44":{"start":{"line":131,"column":8},"end":{"line":131,"column":30}},"45":{"start":{"line":132,"column":8},"end":{"line":132,"column":70}},"46":{"start":{"line":137,"column":13},"end":{"line":137,"column":44}},"47":{"start":{"line":138,"column":0},"end":{"line":138,"column":35}}},"fnMap":{"0":{"name":"(anonymous_0)","decl":{"start":{"line":41,"column":2},"end":{"line":41,"column":7}},"loc":{"start":{"line":44,"column":6},"end":{"line":93,"column":3}}},"1":{"name":"(anonymous_1)","decl":{"start":{"line":100,"column":4},"end":{"line":100,"column":12}},"loc":{"start":{"line":100,"column":49},"end":{"line":102,"column":5}}},"2":{"name":"(anonymous_2)","decl":{"start":{"line":103,"column":4},"end":{"line":103,"column":11}},"loc":{"start":{"line":103,"column":48},"end":{"line":105,"column":5}}},"3":{"name":"(anonymous_3)","decl":{"start":{"line":106,"column":4},"end":{"line":106,"column":9}},"loc":{"start":{"line":106,"column":15},"end":{"line":111,"column":5}}},"4":{"name":"(anonymous_4)","decl":{"start":{"line":113,"column":17},"end":{"line":113,"column":18}},"loc":{"start":{"line":113,"column":29},"end":{"line":134,"column":3}}},"5":{"name":"(anonymous_5)","decl":{"start":{"line":115,"column":39},"end":{"line":115,"column":40}},"loc":{"start":{"line":115,"column":57},"end":{"line":122,"column":7}}},"6":{"name":"(anonymous_6)","decl":{"start":{"line":123,"column":41},"end":{"line":123,"column":42}},"loc":{"start":{"line":123,"column":59},"end":{"line":129,"column":7}}},"7":{"name":"(anonymous_7)","decl":{"start":{"line":130,"column":40},"end":{"line":130,"column":41}},"loc":{"start":{"line":130,"column":58},"end":{"line":133,"column":7}}}},"branchMap":{"0":{"loc":{"start":{"line":42,"column":15},"end":{"line":42,"column":25}},"type":"default-arg","locations":[{"start":{"line":42,"column":23},"end":{"line":42,"column":25}}]},"1":{"loc":{"start":{"line":48,"column":6},"end":{"line":54,"column":12}},"type":"binary-expr","locations":[{"start":{"line":48,"column":7},"end":{"line":48,"column":11}},{"start":{"line":48,"column":15},"end":{"line":48,"column":29}},{"start":{"line":49,"column":8},"end":{"line":49,"column":12}},{"start":{"line":50,"column":8},"end":{"line":50,"column":13}},{"start":{"line":53,"column":8},"end":{"line":53,"column":15}},{"start":{"line":54,"column":8},"end":{"line":54,"column":12}}]},"2":{"loc":{"start":{"line":59,"column":4},"end":{"line":59,"column":53}},"type":"if","locations":[{"start":{"line":59,"column":4},"end":{"line":59,"column":53}}]},"3":{"loc":{"start":{"line":61,"column":4},"end":{"line":61,"column":80}},"type":"if","locations":[{"start":{"line":61,"column":4},"end":{"line":61,"column":80}}]},"4":{"loc":{"start":{"line":61,"column":8},"end":{"line":61,"column":30}},"type":"binary-expr","locations":[{"start":{"line":61,"column":8},"end":{"line":61,"column":12}},{"start":{"line":61,"column":16},"end":{"line":61,"column":30}}]},"5":{"loc":{"start":{"line":62,"column":4},"end":{"line":63,"column":58}},"type":"if","locations":[{"start":{"line":62,"column":4},"end":{"line":63,"column":58}}]},"6":{"loc":{"start":{"line":62,"column":8},"end":{"line":62,"column":34}},"type":"binary-expr","locations":[{"start":{"line":62,"column":8},"end":{"line":62,"column":14}},{"start":{"line":62,"column":18},"end":{"line":62,"column":34}}]},"7":{"loc":{"start":{"line":64,"column":4},"end":{"line":65,"column":58}},"type":"if","locations":[{"start":{"line":64,"column":4},"end":{"line":65,"column":58}}]},"8":{"loc":{"start":{"line":64,"column":8},"end":{"line":64,"column":34}},"type":"binary-expr","locations":[{"start":{"line":64,"column":8},"end":{"line":64,"column":14}},{"start":{"line":64,"column":18},"end":{"line":64,"column":34}}]},"9":{"loc":{"start":{"line":66,"column":4},"end":{"line":67,"column":40}},"type":"if","locations":[{"start":{"line":66,"column":4},"end":{"line":67,"column":40}}]},"10":{"loc":{"start":{"line":66,"column":8},"end":{"line":66,"column":62}},"type":"binary-expr","locations":[{"start":{"line":66,"column":8},"end":{"line":66,"column":33}},{"start":{"line":66,"column":37},"end":{"line":66,"column":47}},{"start":{"line":66,"column":51},"end":{"line":66,"column":62}}]},"11":{"loc":{"start":{"line":68,"column":4},"end":{"line":71,"column":5}},"type":"if","locations":[{"start":{"line":68,"column":4},"end":{"line":71,"column":5}}]},"12":{"loc":{"start":{"line":68,"column":8},"end":{"line":68,"column":47}},"type":"binary-expr","locations":[{"start":{"line":68,"column":8},"end":{"line":68,"column":32}},{"start":{"line":68,"column":36},"end":{"line":68,"column":47}}]},"13":{"loc":{"start":{"line":74,"column":18},"end":{"line":74,"column":67}},"type":"cond-expr","locations":[{"start":{"line":74,"column":50},"end":{"line":74,"column":57}},{"start":{"line":74,"column":60},"end":{"line":74,"column":67}}]},"14":{"loc":{"start":{"line":74,"column":18},"end":{"line":74,"column":47}},"type":"binary-expr","locations":[{"start":{"line":74,"column":18},"end":{"line":74,"column":25}},{"start":{"line":74,"column":29},"end":{"line":74,"column":47}}]},"15":{"loc":{"start":{"line":76,"column":6},"end":{"line":76,"column":55}},"type":"cond-expr","locations":[{"start":{"line":76,"column":42},"end":{"line":76,"column":46}},{"start":{"line":76,"column":49},"end":{"line":76,"column":55}}]},"16":{"loc":{"start":{"line":76,"column":6},"end":{"line":76,"column":39}},"type":"binary-expr","locations":[{"start":{"line":76,"column":6},"end":{"line":76,"column":20}},{"start":{"line":76,"column":24},"end":{"line":76,"column":39}}]},"17":{"loc":{"start":{"line":78,"column":30},"end":{"line":78,"column":45}},"type":"binary-expr","locations":[{"start":{"line":78,"column":30},"end":{"line":78,"column":31}},{"start":{"line":78,"column":35},"end":{"line":78,"column":45}}]},"18":{"loc":{"start":{"line":79,"column":16},"end":{"line":83,"column":47}},"type":"cond-expr","locations":[{"start":{"line":80,"column":8},"end":{"line":82,"column":76}},{"start":{"line":83,"column":8},"end":{"line":83,"column":47}}]},"19":{"loc":{"start":{"line":132,"column":22},"end":{"line":132,"column":69}},"type":"binary-expr","locations":[{"start":{"line":132,"column":22},"end":{"line":132,"column":42}},{"start":{"line":132,"column":46},"end":{"line":132,"column":69}}]}},"s":{"0":5,"1":5,"2":5,"3":3,"4":3,"5":3,"6":3,"7":1,"8":3,"9":1,"10":3,"11":1,"12":3,"13":1,"14":3,"15":1,"16":3,"17":1,"18":1,"19":3,"20":3,"21":3,"22":3,"23":3,"24":3,"25":3,"26":5,"27":1,"28":1,"29":1,"30":1,"31":1,"32":1,"33":5,"34":4,"35":4,"36":4,"37":4,"38":4,"39":4,"40":4,"41":4,"42":4,"43":4,"44":2,"45":2,"46":5,"47":5},"f":{"0":3,"1":1,"2":1,"3":1,"4":5,"5":4,"6":4,"7":2},"b":{"0":[3],"1":[3,2,2,1,1,1],"2":[1],"3":[1],"4":[3,2],"5":[1],"6":[3,2],"7":[1],"8":[3,2],"9":[1],"10":[3,2,1],"11":[1],"12":[3,2],"13":[1,2],"14":[3,2],"15":[1,2],"16":[3,2],"17":[3,2],"18":[2,1],"19":[2,1]}}
}
