{"/Users/rangga.pratam.local/Documents/GitHub/YoPrintReact/src/components/ActiveChips.tsx": {"path":"/Users/rangga.pratam.local/Documents/GitHub/YoPrintReact/src/components/ActiveChips.tsx","statementMap":{"0":{"start":{"line":24,"column":0},"end":{"line":24,"column":24}},"1":{"start":{"line":1,"column":0},"end":{"line":1,"column":31}},"2":{"start":{"line":2,"column":0},"end":{"line":2,"column":50}},"3":{"start":{"line":5,"column":39},"end":{"line":14,"column":null}},"4":{"start":{"line":16,"column":43},"end":{"line":22,"column":null}},"5":{"start":{"line":25,"column":30},"end":{"line":25,"column":47}},"6":{"start":{"line":27,"column":16},"end":{"line":49,"column":14}},"7":{"start":{"line":28,"column":71},"end":{"line":28,"column":73}},"8":{"start":{"line":29,"column":79},"end":{"line":38,"column":null}},"9":{"start":{"line":30,"column":20},"end":{"line":30,"column":37}},"10":{"start":{"line":31,"column":23},"end":{"line":31,"column":55}},"11":{"start":{"line":32,"column":25},"end":{"line":32,"column":57}},"12":{"start":{"line":33,"column":25},"end":{"line":33,"column":57}},"13":{"start":{"line":34,"column":24},"end":{"line":34,"column":41}},"14":{"start":{"line":35,"column":23},"end":{"line":35,"column":40}},"15":{"start":{"line":36,"column":27},"end":{"line":36,"column":44}},"16":{"start":{"line":37,"column":23},"end":{"line":37,"column":40}},"17":{"start":{"line":40,"column":4},"end":{"line":47,"column":5}},"18":{"start":{"line":41,"column":18},"end":{"line":41,"column":33}},"19":{"start":{"line":42,"column":18},"end":{"line":42,"column":28}},"20":{"start":{"line":43,"column":6},"end":{"line":46,"column":7}},"21":{"start":{"line":44,"column":21},"end":{"line":44,"column":58}},"22":{"start":{"line":45,"column":8},"end":{"line":45,"column":null}},"23":{"start":{"line":48,"column":4},"end":{"line":48,"column":null}},"24":{"start":{"line":51,"column":19},"end":{"line":56,"column":3}},"25":{"start":{"line":52,"column":17},"end":{"line":52,"column":44}},"26":{"start":{"line":53,"column":4},"end":{"line":53,"column":null}},"27":{"start":{"line":54,"column":4},"end":{"line":54,"column":null}},"28":{"start":{"line":55,"column":4},"end":{"line":55,"column":null}},"29":{"start":{"line":58,"column":2},"end":{"line":58,"column":null}},"30":{"start":{"line":58,"column":26},"end":{"line":58,"column":null}},"31":{"start":{"line":60,"column":2},"end":{"line":78,"column":null}},"32":{"start":{"line":63,"column":8},"end":{"line":63,"column":24}},"33":{"start":{"line":70,"column":27},"end":{"line":70,"column":40}}},"fnMap":{"0":{"name":"ActiveChips","decl":{"start":{"line":24,"column":24},"end":{"line":24,"column":35}},"loc":{"start":{"line":24,"column":35},"end":{"line":79,"column":1}}},"1":{"name":"(anonymous_1)","decl":{"start":{"line":27,"column":24},"end":{"line":27,"column":27}},"loc":{"start":{"line":27,"column":29},"end":{"line":49,"column":3}}},"2":{"name":"(anonymous_2)","decl":{"start":{"line":30,"column":12},"end":{"line":30,"column":13}},"loc":{"start":{"line":30,"column":20},"end":{"line":30,"column":37}}},"3":{"name":"(anonymous_3)","decl":{"start":{"line":31,"column":15},"end":{"line":31,"column":16}},"loc":{"start":{"line":31,"column":23},"end":{"line":31,"column":55}}},"4":{"name":"(anonymous_4)","decl":{"start":{"line":32,"column":17},"end":{"line":32,"column":18}},"loc":{"start":{"line":32,"column":25},"end":{"line":32,"column":57}}},"5":{"name":"(anonymous_5)","decl":{"start":{"line":33,"column":17},"end":{"line":33,"column":18}},"loc":{"start":{"line":33,"column":25},"end":{"line":33,"column":57}}},"6":{"name":"(anonymous_6)","decl":{"start":{"line":34,"column":16},"end":{"line":34,"column":17}},"loc":{"start":{"line":34,"column":24},"end":{"line":34,"column":41}}},"7":{"name":"(anonymous_7)","decl":{"start":{"line":35,"column":15},"end":{"line":35,"column":16}},"loc":{"start":{"line":35,"column":23},"end":{"line":35,"column":40}}},"8":{"name":"(anonymous_8)","decl":{"start":{"line":36,"column":19},"end":{"line":36,"column":20}},"loc":{"start":{"line":36,"column":27},"end":{"line":36,"column":44}}},"9":{"name":"(anonymous_9)","decl":{"start":{"line":37,"column":15},"end":{"line":37,"column":16}},"loc":{"start":{"line":37,"column":23},"end":{"line":37,"column":40}}},"10":{"name":"(anonymous_10)","decl":{"start":{"line":51,"column":19},"end":{"line":51,"column":20}},"loc":{"start":{"line":51,"column":35},"end":{"line":56,"column":3}}},"11":{"name":"(anonymous_11)","decl":{"start":{"line":62,"column":17},"end":{"line":62,"column":18}},"loc":{"start":{"line":63,"column":8},"end":{"line":63,"column":24}}},"12":{"name":"(anonymous_12)","decl":{"start":{"line":70,"column":21},"end":{"line":70,"column":24}},"loc":{"start":{"line":70,"column":27},"end":{"line":70,"column":40}}}},"branchMap":{"0":{"loc":{"start":{"line":30,"column":20},"end":{"line":30,"column":37}},"type":"cond-expr","locations":[{"start":{"line":30,"column":24},"end":{"line":30,"column":25}},{"start":{"line":30,"column":28},"end":{"line":30,"column":37}}]},"1":{"loc":{"start":{"line":31,"column":23},"end":{"line":31,"column":55}},"type":"cond-expr","locations":[{"start":{"line":31,"column":42},"end":{"line":31,"column":43}},{"start":{"line":31,"column":46},"end":{"line":31,"column":55}}]},"2":{"loc":{"start":{"line":31,"column":23},"end":{"line":31,"column":39}},"type":"binary-expr","locations":[{"start":{"line":31,"column":23},"end":{"line":31,"column":24}},{"start":{"line":31,"column":28},"end":{"line":31,"column":39}}]},"3":{"loc":{"start":{"line":32,"column":25},"end":{"line":32,"column":57}},"type":"cond-expr","locations":[{"start":{"line":32,"column":44},"end":{"line":32,"column":45}},{"start":{"line":32,"column":48},"end":{"line":32,"column":57}}]},"4":{"loc":{"start":{"line":32,"column":25},"end":{"line":32,"column":41}},"type":"binary-expr","locations":[{"start":{"line":32,"column":25},"end":{"line":32,"column":26}},{"start":{"line":32,"column":30},"end":{"line":32,"column":41}}]},"5":{"loc":{"start":{"line":33,"column":25},"end":{"line":33,"column":57}},"type":"cond-expr","locations":[{"start":{"line":33,"column":44},"end":{"line":33,"column":45}},{"start":{"line":33,"column":48},"end":{"line":33,"column":57}}]},"6":{"loc":{"start":{"line":33,"column":25},"end":{"line":33,"column":41}},"type":"binary-expr","locations":[{"start":{"line":33,"column":25},"end":{"line":33,"column":26}},{"start":{"line":33,"column":30},"end":{"line":33,"column":41}}]},"7":{"loc":{"start":{"line":34,"column":24},"end":{"line":34,"column":41}},"type":"cond-expr","locations":[{"start":{"line":34,"column":28},"end":{"line":34,"column":29}},{"start":{"line":34,"column":32},"end":{"line":34,"column":41}}]},"8":{"loc":{"start":{"line":35,"column":23},"end":{"line":35,"column":40}},"type":"cond-expr","locations":[{"start":{"line":35,"column":27},"end":{"line":35,"column":28}},{"start":{"line":35,"column":31},"end":{"line":35,"column":40}}]},"9":{"loc":{"start":{"line":36,"column":27},"end":{"line":36,"column":44}},"type":"cond-expr","locations":[{"start":{"line":36,"column":31},"end":{"line":36,"column":32}},{"start":{"line":36,"column":35},"end":{"line":36,"column":44}}]},"10":{"loc":{"start":{"line":37,"column":23},"end":{"line":37,"column":40}},"type":"cond-expr","locations":[{"start":{"line":37,"column":27},"end":{"line":37,"column":28}},{"start":{"line":37,"column":31},"end":{"line":37,"column":40}}]},"11":{"loc":{"start":{"line":43,"column":6},"end":{"line":46,"column":7}},"type":"if","locations":[{"start":{"line":43,"column":6},"end":{"line":46,"column":7}}]},"12":{"loc":{"start":{"line":44,"column":21},"end":{"line":44,"column":58}},"type":"cond-expr","locations":[{"start":{"line":44,"column":42},"end":{"line":44,"column":52}},{"start":{"line":44,"column":55},"end":{"line":44,"column":58}}]},"13":{"loc":{"start":{"line":58,"column":2},"end":{"line":58,"column":null}},"type":"if","locations":[{"start":{"line":58,"column":2},"end":{"line":58,"column":null}}]}},"s":{"0":1,"1":1,"2":1,"3":1,"4":1,"5":5,"6":5,"7":5,"8":5,"9":5,"10":5,"11":5,"12":5,"13":5,"14":5,"15":5,"16":5,"17":5,"18":40,"19":40,"20":40,"21":26,"22":26,"23":5,"24":5,"25":3,"26":3,"27":3,"28":3,"29":5,"30":1,"31":4,"32":26,"33":3},"f":{"0":5,"1":5,"2":5,"3":5,"4":5,"5":5,"6":5,"7":5,"8":5,"9":5,"10":3,"11":26,"12":3},"b":{"0":[2,3],"1":[1,4],"2":[5,1],"3":[4,1],"4":[5,4],"5":[3,2],"6":[5,3],"7":[4,1],"8":[4,1],"9":[4,1],"10":[4,1],"11":[26],"12":[4,22],"13":[1]}}
,"/Users/rangga.pratam.local/Documents/GitHub/YoPrintReact/src/components/AnimeCard.tsx": {"path":"/Users/rangga.pratam.local/Documents/GitHub/YoPrintReact/src/components/AnimeCard.tsx","statementMap":{"0":{"start":{"line":6,"column":0},"end":{"line":6,"column":24}},"1":{"start":{"line":1,"column":0},"end":{"line":1,"column":40}},"2":{"start":{"line":8,"column":4},"end":{"line":12,"column":6}},"3":{"start":{"line":14,"column":2},"end":{"line":34,"column":4}}},"fnMap":{"0":{"name":"AnimeCard","decl":{"start":{"line":6,"column":24},"end":{"line":6,"column":33}},"loc":{"start":{"line":6,"column":50},"end":{"line":35,"column":1}}}},"branchMap":{"0":{"loc":{"start":{"line":8,"column":4},"end":{"line":12,"column":6}},"type":"binary-expr","locations":[{"start":{"line":8,"column":4},"end":{"line":8,"column":38}},{"start":{"line":9,"column":4},"end":{"line":9,"column":32}},{"start":{"line":10,"column":4},"end":{"line":10,"column":37}},{"start":{"line":11,"column":4},"end":{"line":11,"column":31}},{"start":{"line":12,"column":4},"end":{"line":12,"column":6}}]},"1":{"loc":{"start":{"line":21,"column":9},"end":{"line":24,"column":null}},"type":"cond-expr","locations":[{"start":{"line":22,"column":10},"end":{"line":22,"column":60}},{"start":{"line":24,"column":10},"end":{"line":24,"column":47}}]},"2":{"loc":{"start":{"line":29,"column":9},"end":{"line":30,"column":null}},"type":"binary-expr","locations":[{"start":{"line":29,"column":9},"end":{"line":29,"column":40}},{"start":{"line":30,"column":10},"end":{"line":30,"column":67}}]}},"s":{"0":2,"1":2,"2":2,"3":2},"f":{"0":2},"b":{"0":[2,2,2,2,1],"1":[1,1],"2":[2,1]}}
,"/Users/rangga.pratam.local/Documents/GitHub/YoPrintReact/src/components/FilterBar.tsx": {"path":"/Users/rangga.pratam.local/Documents/GitHub/YoPrintReact/src/components/FilterBar.tsx","statementMap":{"0":{"start":{"line":21,"column":0},"end":{"line":21,"column":24}},"1":{"start":{"line":1,"column":0},"end":{"line":1,"column":32}},"2":{"start":{"line":2,"column":0},"end":{"line":2,"column":51}},"3":{"start":{"line":4,"column":14},"end":{"line":15,"column":11}},"4":{"start":{"line":16,"column":17},"end":{"line":16,"column":67}},"5":{"start":{"line":17,"column":16},"end":{"line":17,"column":69}},"6":{"start":{"line":18,"column":17},"end":{"line":18,"column":117}},"7":{"start":{"line":19,"column":18},"end":{"line":19,"column":41}},"8":{"start":{"line":22,"column":30},"end":{"line":22,"column":47}},"9":{"start":{"line":24,"column":17},"end":{"line":33,"column":14}},"10":{"start":{"line":25,"column":17},"end":{"line":25,"column":44}},"11":{"start":{"line":26,"column":19},"end":{"line":26,"column":48}},"12":{"start":{"line":27,"column":19},"end":{"line":27,"column":48}},"13":{"start":{"line":28,"column":18},"end":{"line":28,"column":43}},"14":{"start":{"line":29,"column":17},"end":{"line":29,"column":41}},"15":{"start":{"line":30,"column":20},"end":{"line":30,"column":48}},"16":{"start":{"line":31,"column":17},"end":{"line":31,"column":41}},"17":{"start":{"line":32,"column":4},"end":{"line":32,"column":64}},"18":{"start":{"line":35,"column":16},"end":{"line":40,"column":8}},"19":{"start":{"line":36,"column":20},"end":{"line":36,"column":44}},"20":{"start":{"line":37,"column":27},"end":{"line":37,"column":29}},"21":{"start":{"line":38,"column":4},"end":{"line":38,"column":55}},"22":{"start":{"line":38,"column":17},"end":{"line":38,"column":24}},"23":{"start":{"line":38,"column":42},"end":{"line":38,"column":55}},"24":{"start":{"line":39,"column":4},"end":{"line":39,"column":16}},"25":{"start":{"line":42,"column":17},"end":{"line":48,"column":3}},"26":{"start":{"line":43,"column":17},"end":{"line":43,"column":44}},"27":{"start":{"line":44,"column":4},"end":{"line":45,"column":26}},"28":{"start":{"line":44,"column":30},"end":{"line":44,"column":49}},"29":{"start":{"line":45,"column":9},"end":{"line":45,"column":26}},"30":{"start":{"line":46,"column":4},"end":{"line":46,"column":26}},"31":{"start":{"line":47,"column":4},"end":{"line":47,"column":39}},"32":{"start":{"line":50,"column":17},"end":{"line":61,"column":14}},"33":{"start":{"line":51,"column":4},"end":{"line":60,"column":6}},"34":{"start":{"line":63,"column":19},"end":{"line":74,"column":3}},"35":{"start":{"line":64,"column":17},"end":{"line":64,"column":44}},"36":{"start":{"line":65,"column":4},"end":{"line":65,"column":24}},"37":{"start":{"line":66,"column":4},"end":{"line":66,"column":26}},"38":{"start":{"line":67,"column":4},"end":{"line":67,"column":26}},"39":{"start":{"line":68,"column":4},"end":{"line":68,"column":25}},"40":{"start":{"line":69,"column":4},"end":{"line":69,"column":24}},"41":{"start":{"line":70,"column":4},"end":{"line":70,"column":28}},"42":{"start":{"line":71,"column":4},"end":{"line":71,"column":24}},"43":{"start":{"line":72,"column":4},"end":{"line":72,"column":26}},"44":{"start":{"line":73,"column":4},"end":{"line":73,"column":39}},"45":{"start":{"line":76,"column":2},"end":{"line":193,"column":4}},"46":{"start":{"line":83,"column":27},"end":{"line":83,"column":57}},"47":{"start":{"line":86,"column":12},"end":{"line":86,"column":28}},"48":{"start":{"line":98,"column":27},"end":{"line":98,"column":59}},"49":{"start":{"line":101,"column":12},"end":{"line":101,"column":28}},"50":{"start":{"line":113,"column":27},"end":{"line":113,"column":59}},"51":{"start":{"line":116,"column":12},"end":{"line":116,"column":28}},"52":{"start":{"line":128,"column":27},"end":{"line":128,"column":58}},"53":{"start":{"line":131,"column":48},"end":{"line":131,"column":61}},"54":{"start":{"line":132,"column":12},"end":{"line":132,"column":28}},"55":{"start":{"line":144,"column":27},"end":{"line":144,"column":57}},"56":{"start":{"line":148,"column":12},"end":{"line":148,"column":28}},"57":{"start":{"line":160,"column":27},"end":{"line":160,"column":61}},"58":{"start":{"line":164,"column":12},"end":{"line":164,"column":28}},"59":{"start":{"line":174,"column":27},"end":{"line":174,"column":57}},"60":{"start":{"line":178,"column":12},"end":{"line":178,"column":28}}},"fnMap":{"0":{"name":"FilterBar","decl":{"start":{"line":21,"column":24},"end":{"line":21,"column":33}},"loc":{"start":{"line":21,"column":33},"end":{"line":194,"column":1}}},"1":{"name":"(anonymous_1)","decl":{"start":{"line":24,"column":25},"end":{"line":24,"column":28}},"loc":{"start":{"line":24,"column":30},"end":{"line":33,"column":3}}},"2":{"name":"(anonymous_2)","decl":{"start":{"line":35,"column":24},"end":{"line":35,"column":27}},"loc":{"start":{"line":35,"column":29},"end":{"line":40,"column":3}}},"3":{"name":"(anonymous_3)","decl":{"start":{"line":42,"column":17},"end":{"line":42,"column":18}},"loc":{"start":{"line":42,"column":46},"end":{"line":48,"column":3}}},"4":{"name":"(anonymous_4)","decl":{"start":{"line":50,"column":25},"end":{"line":50,"column":28}},"loc":{"start":{"line":50,"column":30},"end":{"line":61,"column":3}}},"5":{"name":"(anonymous_5)","decl":{"start":{"line":63,"column":19},"end":{"line":63,"column":22}},"loc":{"start":{"line":63,"column":24},"end":{"line":74,"column":3}}},"6":{"name":"(anonymous_6)","decl":{"start":{"line":83,"column":20},"end":{"line":83,"column":21}},"loc":{"start":{"line":83,"column":27},"end":{"line":83,"column":57}}},"7":{"name":"(anonymous_7)","decl":{"start":{"line":85,"column":21},"end":{"line":85,"column":22}},"loc":{"start":{"line":86,"column":12},"end":{"line":86,"column":28}}},"8":{"name":"(anonymous_8)","decl":{"start":{"line":98,"column":20},"end":{"line":98,"column":21}},"loc":{"start":{"line":98,"column":27},"end":{"line":98,"column":59}}},"9":{"name":"(anonymous_9)","decl":{"start":{"line":100,"column":24},"end":{"line":100,"column":25}},"loc":{"start":{"line":101,"column":12},"end":{"line":101,"column":28}}},"10":{"name":"(anonymous_10)","decl":{"start":{"line":113,"column":20},"end":{"line":113,"column":21}},"loc":{"start":{"line":113,"column":27},"end":{"line":113,"column":59}}},"11":{"name":"(anonymous_11)","decl":{"start":{"line":115,"column":23},"end":{"line":115,"column":24}},"loc":{"start":{"line":116,"column":12},"end":{"line":116,"column":28}}},"12":{"name":"(anonymous_12)","decl":{"start":{"line":128,"column":20},"end":{"line":128,"column":21}},"loc":{"start":{"line":128,"column":27},"end":{"line":128,"column":58}}},"13":{"name":"(anonymous_13)","decl":{"start":{"line":131,"column":38},"end":{"line":131,"column":39}},"loc":{"start":{"line":131,"column":48},"end":{"line":131,"column":61}}},"14":{"name":"(anonymous_14)","decl":{"start":{"line":131,"column":67},"end":{"line":131,"column":68}},"loc":{"start":{"line":132,"column":12},"end":{"line":132,"column":28}}},"15":{"name":"(anonymous_15)","decl":{"start":{"line":144,"column":20},"end":{"line":144,"column":21}},"loc":{"start":{"line":144,"column":27},"end":{"line":144,"column":57}}},"16":{"name":"(anonymous_16)","decl":{"start":{"line":147,"column":21},"end":{"line":147,"column":22}},"loc":{"start":{"line":148,"column":12},"end":{"line":148,"column":28}}},"17":{"name":"(anonymous_17)","decl":{"start":{"line":160,"column":20},"end":{"line":160,"column":21}},"loc":{"start":{"line":160,"column":27},"end":{"line":160,"column":61}}},"18":{"name":"(anonymous_18)","decl":{"start":{"line":163,"column":24},"end":{"line":163,"column":25}},"loc":{"start":{"line":164,"column":12},"end":{"line":164,"column":28}}},"19":{"name":"(anonymous_19)","decl":{"start":{"line":174,"column":20},"end":{"line":174,"column":21}},"loc":{"start":{"line":174,"column":27},"end":{"line":174,"column":57}}},"20":{"name":"(anonymous_20)","decl":{"start":{"line":177,"column":25},"end":{"line":177,"column":26}},"loc":{"start":{"line":178,"column":12},"end":{"line":178,"column":28}}}},"branchMap":{"0":{"loc":{"start":{"line":25,"column":17},"end":{"line":25,"column":44}},"type":"binary-expr","locations":[{"start":{"line":25,"column":17},"end":{"line":25,"column":35}},{"start":{"line":25,"column":39},"end":{"line":25,"column":44}}]},"1":{"loc":{"start":{"line":26,"column":19},"end":{"line":26,"column":48}},"type":"binary-expr","locations":[{"start":{"line":26,"column":19},"end":{"line":26,"column":39}},{"start":{"line":26,"column":43},"end":{"line":26,"column":48}}]},"2":{"loc":{"start":{"line":27,"column":19},"end":{"line":27,"column":48}},"type":"binary-expr","locations":[{"start":{"line":27,"column":19},"end":{"line":27,"column":39}},{"start":{"line":27,"column":43},"end":{"line":27,"column":48}}]},"3":{"loc":{"start":{"line":28,"column":18},"end":{"line":28,"column":43}},"type":"binary-expr","locations":[{"start":{"line":28,"column":18},"end":{"line":28,"column":37}},{"start":{"line":28,"column":41},"end":{"line":28,"column":43}}]},"4":{"loc":{"start":{"line":29,"column":17},"end":{"line":29,"column":41}},"type":"binary-expr","locations":[{"start":{"line":29,"column":17},"end":{"line":29,"column":35}},{"start":{"line":29,"column":39},"end":{"line":29,"column":41}}]},"5":{"loc":{"start":{"line":30,"column":20},"end":{"line":30,"column":48}},"type":"binary-expr","locations":[{"start":{"line":30,"column":20},"end":{"line":30,"column":42}},{"start":{"line":30,"column":46},"end":{"line":30,"column":48}}]},"6":{"loc":{"start":{"line":31,"column":17},"end":{"line":31,"column":41}},"type":"binary-expr","locations":[{"start":{"line":31,"column":17},"end":{"line":31,"column":35}},{"start":{"line":31,"column":39},"end":{"line":31,"column":41}}]},"7":{"loc":{"start":{"line":44,"column":4},"end":{"line":45,"column":26}},"type":"if","locations":[{"start":{"line":44,"column":4},"end":{"line":45,"column":26}},{"start":{"line":45,"column":9},"end":{"line":45,"column":26}}]},"8":{"loc":{"start":{"line":44,"column":8},"end":{"line":44,"column":28}},"type":"binary-expr","locations":[{"start":{"line":44,"column":8},"end":{"line":44,"column":11}},{"start":{"line":44,"column":15},"end":{"line":44,"column":28}}]},"9":{"loc":{"start":{"line":52,"column":6},"end":{"line":59,"column":39}},"type":"binary-expr","locations":[{"start":{"line":52,"column":6},"end":{"line":52,"column":36}},{"start":{"line":53,"column":6},"end":{"line":53,"column":39}},{"start":{"line":54,"column":6},"end":{"line":54,"column":41}},{"start":{"line":55,"column":6},"end":{"line":55,"column":41}},{"start":{"line":56,"column":6},"end":{"line":56,"column":40}},{"start":{"line":57,"column":6},"end":{"line":57,"column":39}},{"start":{"line":58,"column":6},"end":{"line":58,"column":43}},{"start":{"line":59,"column":6},"end":{"line":59,"column":39}}]},"10":{"loc":{"start":{"line":52,"column":7},"end":{"line":52,"column":28}},"type":"binary-expr","locations":[{"start":{"line":52,"column":7},"end":{"line":52,"column":22}},{"start":{"line":52,"column":26},"end":{"line":52,"column":28}}]},"11":{"loc":{"start":{"line":53,"column":7},"end":{"line":53,"column":31}},"type":"binary-expr","locations":[{"start":{"line":53,"column":7},"end":{"line":53,"column":25}},{"start":{"line":53,"column":29},"end":{"line":53,"column":31}}]},"12":{"loc":{"start":{"line":54,"column":7},"end":{"line":54,"column":33}},"type":"binary-expr","locations":[{"start":{"line":54,"column":7},"end":{"line":54,"column":27}},{"start":{"line":54,"column":31},"end":{"line":54,"column":33}}]},"13":{"loc":{"start":{"line":55,"column":7},"end":{"line":55,"column":33}},"type":"binary-expr","locations":[{"start":{"line":55,"column":7},"end":{"line":55,"column":27}},{"start":{"line":55,"column":31},"end":{"line":55,"column":33}}]},"14":{"loc":{"start":{"line":56,"column":7},"end":{"line":56,"column":32}},"type":"binary-expr","locations":[{"start":{"line":56,"column":7},"end":{"line":56,"column":26}},{"start":{"line":56,"column":30},"end":{"line":56,"column":32}}]},"15":{"loc":{"start":{"line":57,"column":7},"end":{"line":57,"column":31}},"type":"binary-expr","locations":[{"start":{"line":57,"column":7},"end":{"line":57,"column":25}},{"start":{"line":57,"column":29},"end":{"line":57,"column":31}}]},"16":{"loc":{"start":{"line":58,"column":7},"end":{"line":58,"column":35}},"type":"binary-expr","locations":[{"start":{"line":58,"column":7},"end":{"line":58,"column":29}},{"start":{"line":58,"column":33},"end":{"line":58,"column":35}}]},"17":{"loc":{"start":{"line":59,"column":7},"end":{"line":59,"column":31}},"type":"binary-expr","locations":[{"start":{"line":59,"column":7},"end":{"line":59,"column":25}},{"start":{"line":59,"column":29},"end":{"line":59,"column":31}}]}},"s":{"0":2,"1":2,"2":2,"3":2,"4":2,"5":2,"6":2,"7":2,"8":21,"9":21,"10":21,"11":21,"12":21,"13":21,"14":21,"15":21,"16":21,"17":21,"18":21,"19":5,"20":5,"21":5,"22":5,"23":380,"24":5,"25":21,"26":15,"27":15,"28":8,"29":7,"30":15,"31":15,"32":21,"33":21,"34":21,"35":1,"36":1,"37":1,"38":1,"39":1,"40":1,"41":1,"42":1,"43":1,"44":1,"45":21,"46":3,"47":210,"48":2,"49":84,"50":2,"51":147,"52":2,"53":210,"54":210,"55":2,"56":1596,"57":2,"58":189,"59":2,"60":42},"f":{"0":21,"1":21,"2":5,"3":15,"4":21,"5":1,"6":3,"7":210,"8":2,"9":84,"10":2,"11":147,"12":2,"13":210,"14":210,"15":2,"16":1596,"17":2,"18":189,"19":2,"20":42},"b":{"0":[21,11],"1":[21,12],"2":[21,12],"3":[21,12],"4":[21,12],"5":[21,12],"6":[21,12],"7":[8,7],"8":[15,11],"9":[21,21,11,10,9,8,7,6],"10":[21,21],"11":[21,11],"12":[11,10],"13":[10,9],"14":[9,8],"15":[8,7],"16":[7,6],"17":[6,5]}}
,"/Users/rangga.pratam.local/Documents/GitHub/YoPrintReact/src/components/Header.tsx": {"path":"/Users/rangga.pratam.local/Documents/GitHub/YoPrintReact/src/components/Header.tsx","statementMap":{"0":{"start":{"line":7,"column":0},"end":{"line":7,"column":24}},"1":{"start":{"line":1,"column":0},"end":{"line":1,"column":70}},"2":{"start":{"line":2,"column":0},"end":{"line":2,"column":44}},"3":{"start":{"line":4,"column":0},"end":{"line":4,"column":22}},"4":{"start":{"line":5,"column":0},"end":{"line":5,"column":45}},"5":{"start":{"line":8,"column":36},"end":{"line":8,"column":53}},"6":{"start":{"line":9,"column":19},"end":{"line":9,"column":32}},"7":{"start":{"line":10,"column":26},"end":{"line":10,"column":46}},"8":{"start":{"line":11,"column":28},"end":{"line":11,"column":38}},"9":{"start":{"line":13,"column":2},"end":{"line":15,"column":15}},"10":{"start":{"line":14,"column":4},"end":{"line":14,"column":35}},"11":{"start":{"line":17,"column":19},"end":{"line":21,"column":3}},"12":{"start":{"line":18,"column":4},"end":{"line":18,"column":23}},"13":{"start":{"line":19,"column":14},"end":{"line":19,"column":25}},"14":{"start":{"line":20,"column":4},"end":{"line":20,"column":55}},"15":{"start":{"line":23,"column":19},"end":{"line":32,"column":3}},"16":{"start":{"line":24,"column":4},"end":{"line":24,"column":19}},"17":{"start":{"line":25,"column":14},"end":{"line":25,"column":26}},"18":{"start":{"line":26,"column":17},"end":{"line":26,"column":44}},"19":{"start":{"line":27,"column":4},"end":{"line":28,"column":26}},"20":{"start":{"line":27,"column":11},"end":{"line":27,"column":28}},"21":{"start":{"line":28,"column":9},"end":{"line":28,"column":26}},"22":{"start":{"line":30,"column":4},"end":{"line":30,"column":26}},"23":{"start":{"line":31,"column":4},"end":{"line":31,"column":45}},"24":{"start":{"line":34,"column":2},"end":{"line":60,"column":4}},"25":{"start":{"line":52,"column":31},"end":{"line":52,"column":55}}},"fnMap":{"0":{"name":"Header","decl":{"start":{"line":7,"column":24},"end":{"line":7,"column":30}},"loc":{"start":{"line":7,"column":30},"end":{"line":61,"column":1}}},"1":{"name":"(anonymous_1)","decl":{"start":{"line":13,"column":12},"end":{"line":13,"column":15}},"loc":{"start":{"line":13,"column":17},"end":{"line":15,"column":3}}},"2":{"name":"(anonymous_2)","decl":{"start":{"line":17,"column":19},"end":{"line":17,"column":20}},"loc":{"start":{"line":17,"column":36},"end":{"line":21,"column":3}}},"3":{"name":"(anonymous_3)","decl":{"start":{"line":23,"column":19},"end":{"line":23,"column":20}},"loc":{"start":{"line":23,"column":37},"end":{"line":32,"column":3}}},"4":{"name":"(anonymous_4)","decl":{"start":{"line":52,"column":24},"end":{"line":52,"column":25}},"loc":{"start":{"line":52,"column":31},"end":{"line":52,"column":55}}}},"branchMap":{"0":{"loc":{"start":{"line":14,"column":12},"end":{"line":14,"column":33}},"type":"binary-expr","locations":[{"start":{"line":14,"column":12},"end":{"line":14,"column":27}},{"start":{"line":14,"column":31},"end":{"line":14,"column":33}}]},"1":{"loc":{"start":{"line":20,"column":13},"end":{"line":20,"column":53}},"type":"cond-expr","locations":[{"start":{"line":20,"column":17},"end":{"line":20,"column":47}},{"start":{"line":20,"column":50},"end":{"line":20,"column":53}}]},"2":{"loc":{"start":{"line":27,"column":4},"end":{"line":28,"column":26}},"type":"if","locations":[{"start":{"line":27,"column":4},"end":{"line":28,"column":26}},{"start":{"line":28,"column":9},"end":{"line":28,"column":26}}]},"3":{"loc":{"start":{"line":40,"column":30},"end":{"line":40,"column":65}},"type":"cond-expr","locations":[{"start":{"line":40,"column":49},"end":{"line":40,"column":56}},{"start":{"line":40,"column":59},"end":{"line":40,"column":65}}]},"4":{"loc":{"start":{"line":43,"column":11},"end":{"line":43,"column":41}},"type":"cond-expr","locations":[{"start":{"line":43,"column":30},"end":{"line":43,"column":34}},{"start":{"line":43,"column":37},"end":{"line":43,"column":41}}]}},"s":{"0":2,"1":2,"2":2,"3":2,"4":2,"5":12,"6":12,"7":12,"8":12,"9":12,"10":9,"11":12,"12":2,"13":2,"14":2,"15":12,"16":3,"17":3,"18":3,"19":3,"20":2,"21":1,"22":3,"23":3,"24":12,"25":3},"f":{"0":12,"1":9,"2":2,"3":3,"4":3},"b":{"0":[9,6],"1":[1,1],"2":[2,1],"3":[1,11],"4":[1,11]}}
,"/Users/rangga.pratam.local/Documents/GitHub/YoPrintReact/src/components/Pagination.tsx": {"path":"/Users/rangga.pratam.local/Documents/GitHub/YoPrintReact/src/components/Pagination.tsx","statementMap":{"0":{"start":{"line":8,"column":0},"end":{"line":8,"column":24}},"1":{"start":{"line":9,"column":2},"end":{"line":29,"column":null}}},"fnMap":{"0":{"name":"Pagination","decl":{"start":{"line":8,"column":24},"end":{"line":8,"column":34}},"loc":{"start":{"line":8,"column":75},"end":{"line":30,"column":1}}}},"branchMap":{},"s":{"0":1,"1":1},"f":{"0":1},"b":{}}
,"/Users/rangga.pratam.local/Documents/GitHub/YoPrintReact/src/store/detailSlice.ts": {"path":"/Users/rangga.pratam.local/Documents/GitHub/YoPrintReact/src/store/detailSlice.ts","statementMap":{"0":{"start":{"line":1,"column":0},"end":{"line":1,"column":64}},"1":{"start":{"line":10,"column":34},"end":{"line":14,"column":null}},"2":{"start":{"line":16,"column":13},"end":{"line":26,"column":null}},"3":{"start":{"line":22,"column":16},"end":{"line":22,"column":79}},"4":{"start":{"line":23,"column":34},"end":{"line":23,"column":50}},"5":{"start":{"line":24,"column":4},"end":{"line":24,"column":null}},"6":{"start":{"line":28,"column":20},"end":{"line":51,"column":2}},"7":{"start":{"line":33,"column":4},"end":{"line":49,"column":null}},"8":{"start":{"line":35,"column":19},"end":{"line":35,"column":34}},"9":{"start":{"line":36,"column":8},"end":{"line":36,"column":null}},"10":{"start":{"line":37,"column":8},"end":{"line":37,"column":null}},"11":{"start":{"line":40,"column":30},"end":{"line":40,"column":44}},"12":{"start":{"line":41,"column":8},"end":{"line":41,"column":null}},"13":{"start":{"line":42,"column":8},"end":{"line":42,"column":null}},"14":{"start":{"line":43,"column":8},"end":{"line":43,"column":null}},"15":{"start":{"line":46,"column":19},"end":{"line":46,"column":34}},"16":{"start":{"line":47,"column":8},"end":{"line":47,"column":null}},"17":{"start":{"line":48,"column":8},"end":{"line":48,"column":null}},"18":{"start":{"line":53,"column":0},"end":{"line":53,"column":null}}},"fnMap":{"0":{"name":"(anonymous_0)","decl":{"start":{"line":21,"column":2},"end":{"line":21,"column":7}},"loc":{"start":{"line":21,"column":35},"end":{"line":25,"column":3}}},"1":{"name":"(anonymous_1)","decl":{"start":{"line":32,"column":17},"end":{"line":32,"column":18}},"loc":{"start":{"line":32,"column":29},"end":{"line":50,"column":3}}},"2":{"name":"(anonymous_2)","decl":{"start":{"line":34,"column":39},"end":{"line":34,"column":40}},"loc":{"start":{"line":34,"column":57},"end":{"line":38,"column":7}}},"3":{"name":"(anonymous_3)","decl":{"start":{"line":39,"column":41},"end":{"line":39,"column":42}},"loc":{"start":{"line":39,"column":59},"end":{"line":44,"column":7}}},"4":{"name":"(anonymous_4)","decl":{"start":{"line":45,"column":40},"end":{"line":45,"column":41}},"loc":{"start":{"line":45,"column":58},"end":{"line":49,"column":7}}}},"branchMap":{"0":{"loc":{"start":{"line":48,"column":30},"end":{"line":48,"column":70}},"type":"binary-expr","locations":[{"start":{"line":48,"column":30},"end":{"line":48,"column":50}},{"start":{"line":48,"column":54},"end":{"line":48,"column":70}}]}},"s":{"0":7,"1":7,"2":7,"3":1,"4":1,"5":1,"6":7,"7":7,"8":3,"9":3,"10":3,"11":2,"12":2,"13":2,"14":2,"15":2,"16":2,"17":2,"18":7},"f":{"0":1,"1":7,"2":3,"3":2,"4":2},"b":{"0":[2,1]}}
,"/Users/rangga.pratam.local/Documents/GitHub/YoPrintReact/src/store/hooks.ts": {"path":"/Users/rangga.pratam.local/Documents/GitHub/YoPrintReact/src/store/hooks.ts","statementMap":{"0":{"start":{"line":1,"column":0},"end":{"line":1,"column":54}},"1":{"start":{"line":5,"column":13},"end":{"line":5,"column":null}},"2":{"start":{"line":6,"column":13},"end":{"line":6,"column":null}}},"fnMap":{},"branchMap":{},"s":{"0":1,"1":1,"2":1},"f":{},"b":{}}
,"/Users/rangga.pratam.local/Documents/GitHub/YoPrintReact/src/store/index.ts": {"path":"/Users/rangga.pratam.local/Documents/GitHub/YoPrintReact/src/store/index.ts","statementMap":{"0":{"start":{"line":1,"column":0},"end":{"line":1,"column":49}},"1":{"start":{"line":2,"column":0},"end":{"line":2,"column":41}},"2":{"start":{"line":3,"column":0},"end":{"line":3,"column":41}},"3":{"start":{"line":5,"column":13},"end":{"line":10,"column":null}}},"fnMap":{},"branchMap":{},"s":{"0":4,"1":4,"2":4,"3":4},"f":{},"b":{}}
,"/Users/rangga.pratam.local/Documents/GitHub/YoPrintReact/src/store/searchSlice.ts": {"path":"/Users/rangga.pratam.local/Documents/GitHub/YoPrintReact/src/store/searchSlice.ts","statementMap":{"0":{"start":{"line":1,"column":0},"end":{"line":1,"column":65}},"1":{"start":{"line":27,"column":34},"end":{"line":34,"column":2}},"2":{"start":{"line":36,"column":13},"end":{"line":106,"column":2}},"3":{"start":{"line":45,"column":17},"end":{"line":45,"column":43}},"4":{"start":{"line":58,"column":23},"end":{"line":65,"column":null}},"5":{"start":{"line":68,"column":29},"end":{"line":68,"column":63}},"6":{"start":{"line":70,"column":4},"end":{"line":70,"column":53}},"7":{"start":{"line":70,"column":11},"end":{"line":70,"column":53}},"8":{"start":{"line":72,"column":4},"end":{"line":72,"column":80}},"9":{"start":{"line":72,"column":32},"end":{"line":72,"column":80}},"10":{"start":{"line":73,"column":4},"end":{"line":74,"column":58}},"11":{"start":{"line":74,"column":6},"end":{"line":74,"column":58}},"12":{"start":{"line":75,"column":4},"end":{"line":76,"column":58}},"13":{"start":{"line":76,"column":6},"end":{"line":76,"column":58}},"14":{"start":{"line":77,"column":4},"end":{"line":78,"column":40}},"15":{"start":{"line":78,"column":6},"end":{"line":78,"column":40}},"16":{"start":{"line":79,"column":4},"end":{"line":82,"column":5}},"17":{"start":{"line":80,"column":6},"end":{"line":80,"column":46}},"18":{"start":{"line":81,"column":6},"end":{"line":81,"column":44}},"19":{"start":{"line":85,"column":18},"end":{"line":85,"column":67}},"20":{"start":{"line":87,"column":6},"end":{"line":87,"column":55}},"21":{"start":{"line":90,"column":30},"end":{"line":90,"column":45}},"22":{"start":{"line":91,"column":16},"end":{"line":95,"column":47}},"23":{"start":{"line":97,"column":16},"end":{"line":97,"column":44}},"24":{"start":{"line":98,"column":38},"end":{"line":98,"column":54}},"25":{"start":{"line":99,"column":4},"end":{"line":104,"column":6}},"26":{"start":{"line":108,"column":20},"end":{"line":147,"column":2}},"27":{"start":{"line":113,"column":6},"end":{"line":113,"column":31}},"28":{"start":{"line":116,"column":6},"end":{"line":116,"column":34}},"29":{"start":{"line":119,"column":6},"end":{"line":119,"column":23}},"30":{"start":{"line":120,"column":6},"end":{"line":120,"column":28}},"31":{"start":{"line":121,"column":6},"end":{"line":121,"column":25}},"32":{"start":{"line":122,"column":6},"end":{"line":122,"column":28}},"33":{"start":{"line":126,"column":4},"end":{"line":145,"column":9}},"34":{"start":{"line":128,"column":8},"end":{"line":128,"column":29}},"35":{"start":{"line":129,"column":8},"end":{"line":129,"column":27}},"36":{"start":{"line":131,"column":28},"end":{"line":131,"column":43}},"37":{"start":{"line":132,"column":8},"end":{"line":132,"column":20}},"38":{"start":{"line":133,"column":8},"end":{"line":133,"column":26}},"39":{"start":{"line":136,"column":8},"end":{"line":136,"column":30}},"40":{"start":{"line":137,"column":8},"end":{"line":137,"column":43}},"41":{"start":{"line":138,"column":8},"end":{"line":138,"column":47}},"42":{"start":{"line":139,"column":8},"end":{"line":139,"column":35}},"43":{"start":{"line":140,"column":8},"end":{"line":140,"column":41}},"44":{"start":{"line":143,"column":8},"end":{"line":143,"column":30}},"45":{"start":{"line":144,"column":8},"end":{"line":144,"column":70}},"46":{"start":{"line":149,"column":13},"end":{"line":149,"column":44}},"47":{"start":{"line":150,"column":0},"end":{"line":150,"column":35}}},"fnMap":{"0":{"name":"(anonymous_0)","decl":{"start":{"line":41,"column":2},"end":{"line":41,"column":7}},"loc":{"start":{"line":44,"column":6},"end":{"line":105,"column":3}}},"1":{"name":"(anonymous_1)","decl":{"start":{"line":112,"column":4},"end":{"line":112,"column":12}},"loc":{"start":{"line":112,"column":49},"end":{"line":114,"column":5}}},"2":{"name":"(anonymous_2)","decl":{"start":{"line":115,"column":4},"end":{"line":115,"column":11}},"loc":{"start":{"line":115,"column":48},"end":{"line":117,"column":5}}},"3":{"name":"(anonymous_3)","decl":{"start":{"line":118,"column":4},"end":{"line":118,"column":9}},"loc":{"start":{"line":118,"column":15},"end":{"line":123,"column":5}}},"4":{"name":"(anonymous_4)","decl":{"start":{"line":125,"column":17},"end":{"line":125,"column":18}},"loc":{"start":{"line":125,"column":29},"end":{"line":146,"column":3}}},"5":{"name":"(anonymous_5)","decl":{"start":{"line":127,"column":39},"end":{"line":127,"column":40}},"loc":{"start":{"line":127,"column":57},"end":{"line":134,"column":7}}},"6":{"name":"(anonymous_6)","decl":{"start":{"line":135,"column":41},"end":{"line":135,"column":42}},"loc":{"start":{"line":135,"column":59},"end":{"line":141,"column":7}}},"7":{"name":"(anonymous_7)","decl":{"start":{"line":142,"column":40},"end":{"line":142,"column":41}},"loc":{"start":{"line":142,"column":58},"end":{"line":145,"column":7}}}},"branchMap":{"0":{"loc":{"start":{"line":42,"column":15},"end":{"line":42,"column":25}},"type":"default-arg","locations":[{"start":{"line":42,"column":23},"end":{"line":42,"column":25}}]},"1":{"loc":{"start":{"line":59,"column":6},"end":{"line":65,"column":12}},"type":"binary-expr","locations":[{"start":{"line":59,"column":7},"end":{"line":59,"column":11}},{"start":{"line":59,"column":15},"end":{"line":59,"column":29}},{"start":{"line":60,"column":8},"end":{"line":60,"column":12}},{"start":{"line":61,"column":8},"end":{"line":61,"column":13}},{"start":{"line":64,"column":8},"end":{"line":64,"column":15}},{"start":{"line":65,"column":8},"end":{"line":65,"column":12}}]},"2":{"loc":{"start":{"line":70,"column":4},"end":{"line":70,"column":53}},"type":"if","locations":[{"start":{"line":70,"column":4},"end":{"line":70,"column":53}}]},"3":{"loc":{"start":{"line":72,"column":4},"end":{"line":72,"column":80}},"type":"if","locations":[{"start":{"line":72,"column":4},"end":{"line":72,"column":80}}]},"4":{"loc":{"start":{"line":72,"column":8},"end":{"line":72,"column":30}},"type":"binary-expr","locations":[{"start":{"line":72,"column":8},"end":{"line":72,"column":12}},{"start":{"line":72,"column":16},"end":{"line":72,"column":30}}]},"5":{"loc":{"start":{"line":73,"column":4},"end":{"line":74,"column":58}},"type":"if","locations":[{"start":{"line":73,"column":4},"end":{"line":74,"column":58}}]},"6":{"loc":{"start":{"line":73,"column":8},"end":{"line":73,"column":34}},"type":"binary-expr","locations":[{"start":{"line":73,"column":8},"end":{"line":73,"column":14}},{"start":{"line":73,"column":18},"end":{"line":73,"column":34}}]},"7":{"loc":{"start":{"line":75,"column":4},"end":{"line":76,"column":58}},"type":"if","locations":[{"start":{"line":75,"column":4},"end":{"line":76,"column":58}}]},"8":{"loc":{"start":{"line":75,"column":8},"end":{"line":75,"column":34}},"type":"binary-expr","locations":[{"start":{"line":75,"column":8},"end":{"line":75,"column":14}},{"start":{"line":75,"column":18},"end":{"line":75,"column":34}}]},"9":{"loc":{"start":{"line":77,"column":4},"end":{"line":78,"column":40}},"type":"if","locations":[{"start":{"line":77,"column":4},"end":{"line":78,"column":40}}]},"10":{"loc":{"start":{"line":77,"column":8},"end":{"line":77,"column":62}},"type":"binary-expr","locations":[{"start":{"line":77,"column":8},"end":{"line":77,"column":33}},{"start":{"line":77,"column":37},"end":{"line":77,"column":47}},{"start":{"line":77,"column":51},"end":{"line":77,"column":62}}]},"11":{"loc":{"start":{"line":79,"column":4},"end":{"line":82,"column":5}},"type":"if","locations":[{"start":{"line":79,"column":4},"end":{"line":82,"column":5}}]},"12":{"loc":{"start":{"line":79,"column":8},"end":{"line":79,"column":47}},"type":"binary-expr","locations":[{"start":{"line":79,"column":8},"end":{"line":79,"column":32}},{"start":{"line":79,"column":36},"end":{"line":79,"column":47}}]},"13":{"loc":{"start":{"line":85,"column":18},"end":{"line":85,"column":67}},"type":"cond-expr","locations":[{"start":{"line":85,"column":50},"end":{"line":85,"column":57}},{"start":{"line":85,"column":60},"end":{"line":85,"column":67}}]},"14":{"loc":{"start":{"line":85,"column":18},"end":{"line":85,"column":47}},"type":"binary-expr","locations":[{"start":{"line":85,"column":18},"end":{"line":85,"column":25}},{"start":{"line":85,"column":29},"end":{"line":85,"column":47}}]},"15":{"loc":{"start":{"line":87,"column":6},"end":{"line":87,"column":55}},"type":"cond-expr","locations":[{"start":{"line":87,"column":42},"end":{"line":87,"column":46}},{"start":{"line":87,"column":49},"end":{"line":87,"column":55}}]},"16":{"loc":{"start":{"line":87,"column":6},"end":{"line":87,"column":39}},"type":"binary-expr","locations":[{"start":{"line":87,"column":6},"end":{"line":87,"column":20}},{"start":{"line":87,"column":24},"end":{"line":87,"column":39}}]},"17":{"loc":{"start":{"line":90,"column":30},"end":{"line":90,"column":45}},"type":"binary-expr","locations":[{"start":{"line":90,"column":30},"end":{"line":90,"column":31}},{"start":{"line":90,"column":35},"end":{"line":90,"column":45}}]},"18":{"loc":{"start":{"line":91,"column":16},"end":{"line":95,"column":47}},"type":"cond-expr","locations":[{"start":{"line":92,"column":8},"end":{"line":94,"column":76}},{"start":{"line":95,"column":8},"end":{"line":95,"column":47}}]},"19":{"loc":{"start":{"line":144,"column":22},"end":{"line":144,"column":69}},"type":"binary-expr","locations":[{"start":{"line":144,"column":22},"end":{"line":144,"column":42}},{"start":{"line":144,"column":46},"end":{"line":144,"column":69}}]}},"s":{"0":6,"1":6,"2":6,"3":3,"4":3,"5":3,"6":3,"7":1,"8":3,"9":1,"10":3,"11":1,"12":3,"13":1,"14":3,"15":1,"16":3,"17":1,"18":1,"19":3,"20":3,"21":3,"22":3,"23":3,"24":3,"25":3,"26":6,"27":1,"28":1,"29":1,"30":1,"31":1,"32":1,"33":6,"34":4,"35":4,"36":4,"37":4,"38":4,"39":4,"40":4,"41":4,"42":4,"43":4,"44":2,"45":2,"46":6,"47":6},"f":{"0":3,"1":1,"2":1,"3":1,"4":6,"5":4,"6":4,"7":2},"b":{"0":[3],"1":[3,2,2,1,1,1],"2":[1],"3":[1],"4":[3,2],"5":[1],"6":[3,2],"7":[1],"8":[3,2],"9":[1],"10":[3,2,1],"11":[1],"12":[3,2],"13":[1,2],"14":[3,2],"15":[1,2],"16":[3,2],"17":[3,2],"18":[2,1],"19":[2,1]}}
}
