TN:
SF:src/components/ActiveChips.tsx
FN:24,ActiveChips
FN:27,(anonymous_1)
FN:30,(anonymous_2)
FN:31,(anonymous_3)
FN:32,(anonymous_4)
FN:33,(anonymous_5)
FN:34,(anonymous_6)
FN:35,(anonymous_7)
FN:36,(anonymous_8)
FN:37,(anonymous_9)
FN:51,(anonymous_10)
FN:56,makeClearHandler
FN:57,(anonymous_12)
FN:72,(anonymous_13)
FN:94,clearParam
FNF:15
FNH:15
FNDA:10,ActiveChips
FNDA:10,(anonymous_1)
FNDA:10,(anonymous_2)
FNDA:10,(anonymous_3)
FNDA:10,(anonymous_4)
FNDA:10,(anonymous_5)
FNDA:10,(anonymous_6)
FNDA:10,(anonymous_7)
FNDA:10,(anonymous_8)
FNDA:10,(anonymous_9)
FNDA:8,(anonymous_10)
FNDA:36,makeClearHandler
FNDA:8,(anonymous_12)
FNDA:36,(anonymous_13)
FNDA:9,clearParam
DA:1,3
DA:2,3
DA:5,3
DA:16,3
DA:24,3
DA:25,10
DA:27,10
DA:28,10
DA:29,10
DA:30,10
DA:31,10
DA:32,10
DA:33,10
DA:34,10
DA:35,10
DA:36,10
DA:37,10
DA:40,10
DA:41,80
DA:42,80
DA:43,80
DA:44,36
DA:45,36
DA:48,10
DA:51,10
DA:52,8
DA:57,36
DA:60,10
DA:62,8
DA:73,36
DA:94,3
DA:99,9
DA:100,9
DA:101,9
DA:102,9
LF:35
LH:35
BRDA:30,0,0,1
BRDA:30,0,1,9
BRDA:31,1,0,2
BRDA:31,1,1,8
BRDA:31,2,0,10
BRDA:31,2,1,2
BRDA:32,3,0,3
BRDA:32,3,1,7
BRDA:32,4,0,10
BRDA:32,4,1,3
BRDA:33,5,0,4
BRDA:33,5,1,6
BRDA:33,6,0,10
BRDA:33,6,1,4
BRDA:34,7,0,5
BRDA:34,7,1,5
BRDA:35,8,0,6
BRDA:35,8,1,4
BRDA:36,9,0,7
BRDA:36,9,1,3
BRDA:37,10,0,8
BRDA:37,10,1,2
BRDA:43,11,0,36
BRDA:44,12,0,7
BRDA:44,12,1,29
BRDA:60,13,0,2
BRDA:75,14,0,1
BRDA:75,14,1,35
BRDA:75,15,0,36
BRDA:75,15,1,36
BRF:30
BRH:30
end_of_record
TN:
SF:src/components/AnimeCard.tsx
FN:6,AnimeCard
FNF:1
FNH:1
FNDA:2,AnimeCard
DA:1,2
DA:6,2
DA:8,2
DA:14,2
LF:4
LH:4
BRDA:8,0,0,2
BRDA:8,0,1,2
BRDA:8,0,2,2
BRDA:8,0,3,2
BRDA:8,0,4,1
BRDA:21,1,0,1
BRDA:21,1,1,1
BRDA:29,2,0,2
BRDA:29,2,1,1
BRF:9
BRH:9
end_of_record
TN:
SF:src/components/FilterBar.tsx
FN:31,FilterBar
FN:37,(anonymous_1)
FN:48,(anonymous_2)
FN:55,(anonymous_3)
FN:63,(anonymous_4)
FN:75,(anonymous_5)
FN:89,(anonymous_6)
FN:95,(anonymous_7)
FN:98,(anonymous_8)
FN:120,(anonymous_9)
FN:131,(anonymous_10)
FN:140,(anonymous_11)
FN:142,(anonymous_12)
FN:154,(anonymous_13)
FN:156,(anonymous_14)
FN:169,(anonymous_15)
FN:171,(anonymous_16)
FN:184,(anonymous_17)
FN:187,(anonymous_18)
FN:187,(anonymous_19)
FN:200,(anonymous_20)
FN:203,(anonymous_21)
FN:216,(anonymous_22)
FN:219,(anonymous_23)
FN:232,(anonymous_24)
FN:235,(anonymous_25)
FN:254,(anonymous_26)
FNF:27
FNH:27
FNDA:39,FilterBar
FNDA:22,(anonymous_1)
FNDA:6,(anonymous_2)
FNDA:15,(anonymous_3)
FNDA:22,(anonymous_4)
FNDA:1,(anonymous_5)
FNDA:29,(anonymous_6)
FNDA:3,(anonymous_7)
FNDA:14,(anonymous_8)
FNDA:5,(anonymous_9)
FNDA:64,(anonymous_10)
FNDA:2,(anonymous_11)
FNDA:390,(anonymous_12)
FNDA:2,(anonymous_13)
FNDA:156,(anonymous_14)
FNDA:2,(anonymous_15)
FNDA:273,(anonymous_16)
FNDA:2,(anonymous_17)
FNDA:390,(anonymous_18)
FNDA:390,(anonymous_19)
FNDA:2,(anonymous_20)
FNDA:2964,(anonymous_21)
FNDA:2,(anonymous_22)
FNDA:351,(anonymous_23)
FNDA:3,(anonymous_24)
FNDA:78,(anonymous_25)
FNDA:2,(anonymous_26)
DA:1,3
DA:2,3
DA:4,3
DA:16,3
DA:17,3
DA:18,3
DA:29,3
DA:31,3
DA:32,39
DA:33,39
DA:34,39
DA:35,39
DA:37,39
DA:38,22
DA:39,22
DA:40,22
DA:41,22
DA:42,22
DA:43,22
DA:44,22
DA:45,22
DA:48,39
DA:49,6
DA:50,6
DA:51,456
DA:52,6
DA:55,39
DA:56,15
DA:57,15
DA:58,7
DA:59,15
DA:60,15
DA:63,39
DA:64,22
DA:75,39
DA:76,1
DA:77,1
DA:78,1
DA:79,1
DA:80,1
DA:81,1
DA:82,1
DA:83,1
DA:84,1
DA:85,1
DA:89,39
DA:90,29
DA:93,29
DA:95,14
DA:96,3
DA:98,14
DA:100,15
DA:104,39
DA:115,39
DA:120,5
DA:132,64
DA:140,2
DA:143,390
DA:154,2
DA:157,156
DA:169,2
DA:172,273
DA:184,2
DA:187,390
DA:188,390
DA:200,2
DA:204,2964
DA:216,2
DA:220,351
DA:232,3
DA:236,78
DA:254,2
LF:72
LH:72
BRDA:38,0,0,22
BRDA:38,0,1,12
BRDA:39,1,0,22
BRDA:39,1,1,11
BRDA:40,2,0,22
BRDA:40,2,1,10
BRDA:41,3,0,22
BRDA:41,3,1,9
BRDA:42,4,0,22
BRDA:42,4,1,8
BRDA:43,5,0,22
BRDA:43,5,1,7
BRDA:44,6,0,22
BRDA:44,6,1,5
BRDA:57,7,0,8
BRDA:57,7,1,7
BRDA:57,8,0,15
BRDA:57,8,1,11
BRDA:65,9,0,22
BRDA:65,9,1,12
BRDA:65,9,2,11
BRDA:65,9,3,10
BRDA:65,9,4,9
BRDA:65,9,5,8
BRDA:65,9,6,7
BRDA:65,10,0,22
BRDA:65,10,1,12
BRDA:66,11,0,12
BRDA:66,11,1,11
BRDA:67,12,0,11
BRDA:67,12,1,10
BRDA:68,13,0,10
BRDA:68,13,1,9
BRDA:69,14,0,9
BRDA:69,14,1,8
BRDA:70,15,0,8
BRDA:70,15,1,7
BRDA:71,16,0,7
BRDA:71,16,1,5
BRDA:93,17,0,14
BRDA:93,17,1,15
BRDA:106,18,0,18
BRDA:106,18,1,21
BRDA:107,19,0,18
BRDA:107,19,1,21
BRDA:112,20,0,18
BRDA:112,20,1,21
BRDA:117,21,0,39
BRDA:117,21,1,21
BRDA:132,22,0,64
BRDA:132,22,1,32
BRF:51
BRH:51
end_of_record
TN:
SF:src/components/Header.tsx
FN:7,Header
FN:13,(anonymous_1)
FN:17,(anonymous_2)
FN:23,(anonymous_3)
FN:53,(anonymous_4)
FNF:5
FNH:5
FNDA:12,Header
FNDA:9,(anonymous_1)
FNDA:2,(anonymous_2)
FNDA:3,(anonymous_3)
FNDA:3,(anonymous_4)
DA:1,2
DA:2,2
DA:4,2
DA:5,2
DA:7,2
DA:8,12
DA:9,12
DA:10,12
DA:11,12
DA:13,12
DA:14,9
DA:17,12
DA:18,2
DA:19,2
DA:20,2
DA:23,12
DA:24,3
DA:25,3
DA:26,3
DA:27,3
DA:28,1
DA:30,3
DA:31,3
DA:34,12
DA:53,3
LF:25
LH:25
BRDA:14,0,0,9
BRDA:14,0,1,6
BRDA:20,1,0,1
BRDA:20,1,1,1
BRDA:27,2,0,2
BRDA:27,2,1,1
BRDA:41,3,0,1
BRDA:41,3,1,11
BRDA:44,4,0,1
BRDA:44,4,1,11
BRF:10
BRH:10
end_of_record
TN:
SF:src/components/Pagination.tsx
FN:8,Pagination
FNF:1
FNH:1
FNDA:1,Pagination
DA:8,1
DA:9,1
LF:2
LH:2
BRF:0
BRH:0
end_of_record
TN:
SF:src/store/detailSlice.ts
FN:21,(anonymous_0)
FN:32,(anonymous_1)
FN:34,(anonymous_2)
FN:39,(anonymous_3)
FN:45,(anonymous_4)
FNF:5
FNH:5
FNDA:1,(anonymous_0)
FNDA:6,(anonymous_1)
FNDA:3,(anonymous_2)
FNDA:2,(anonymous_3)
FNDA:2,(anonymous_4)
DA:1,6
DA:10,6
DA:16,6
DA:22,1
DA:23,1
DA:24,1
DA:28,6
DA:33,6
DA:35,3
DA:36,3
DA:37,3
DA:40,2
DA:41,2
DA:42,2
DA:43,2
DA:46,2
DA:47,2
DA:48,2
DA:53,6
LF:19
LH:19
BRDA:48,0,0,2
BRDA:48,0,1,1
BRF:2
BRH:2
end_of_record
TN:
SF:src/store/hooks.ts
FNF:0
FNH:0
DA:1,1
DA:5,1
DA:6,1
LF:3
LH:3
BRF:0
BRH:0
end_of_record
TN:
SF:src/store/index.ts
FNF:0
FNH:0
DA:1,3
DA:2,3
DA:3,3
DA:5,3
LF:4
LH:4
BRF:0
BRH:0
end_of_record
TN:
SF:src/store/searchSlice.ts
FN:41,(anonymous_0)
FN:100,(anonymous_1)
FN:103,(anonymous_2)
FN:106,(anonymous_3)
FN:113,(anonymous_4)
FN:115,(anonymous_5)
FN:123,(anonymous_6)
FN:130,(anonymous_7)
FNF:8
FNH:8
FNDA:3,(anonymous_0)
FNDA:1,(anonymous_1)
FNDA:1,(anonymous_2)
FNDA:1,(anonymous_3)
FNDA:5,(anonymous_4)
FNDA:4,(anonymous_5)
FNDA:4,(anonymous_6)
FNDA:2,(anonymous_7)
DA:1,5
DA:27,5
DA:36,5
DA:45,3
DA:47,3
DA:57,3
DA:59,3
DA:61,3
DA:62,3
DA:63,1
DA:64,3
DA:65,1
DA:66,3
DA:67,1
DA:68,3
DA:69,1
DA:70,1
DA:74,3
DA:76,3
DA:78,3
DA:79,3
DA:85,3
DA:86,3
DA:87,3
DA:96,5
DA:101,1
DA:104,1
DA:107,1
DA:108,1
DA:109,1
DA:110,1
DA:114,5
DA:116,4
DA:117,4
DA:119,4
DA:120,4
DA:121,4
DA:124,4
DA:125,4
DA:126,4
DA:127,4
DA:128,4
DA:131,2
DA:132,2
DA:137,5
DA:138,5
LF:46
LH:46
BRDA:42,0,0,3
BRDA:48,1,0,3
BRDA:48,1,1,2
BRDA:48,1,2,2
BRDA:48,1,3,1
BRDA:48,1,4,1
BRDA:48,1,5,1
BRDA:59,2,0,1
BRDA:61,3,0,1
BRDA:61,4,0,3
BRDA:61,4,1,2
BRDA:62,5,0,1
BRDA:62,6,0,3
BRDA:62,6,1,2
BRDA:64,7,0,1
BRDA:64,8,0,3
BRDA:64,8,1,2
BRDA:66,9,0,1
BRDA:66,10,0,3
BRDA:66,10,1,2
BRDA:66,10,2,1
BRDA:68,11,0,1
BRDA:68,12,0,3
BRDA:68,12,1,2
BRDA:74,13,0,1
BRDA:74,13,1,2
BRDA:74,14,0,3
BRDA:74,14,1,2
BRDA:76,15,0,1
BRDA:76,15,1,2
BRDA:76,16,0,3
BRDA:76,16,1,2
BRDA:78,17,0,3
BRDA:78,17,1,2
BRDA:79,18,0,2
BRDA:79,18,1,1
BRDA:132,19,0,2
BRDA:132,19,1,1
BRF:38
BRH:38
end_of_record
