TN:
SF:src/components/ActiveChips.tsx
FN:24,ActiveChips
FN:27,(anonymous_1)
FN:30,(anonymous_2)
FN:31,(anonymous_3)
FN:32,(anonymous_4)
FN:33,(anonymous_5)
FN:34,(anonymous_6)
FN:35,(anonymous_7)
FN:36,(anonymous_8)
FN:37,(anonymous_9)
FN:51,(anonymous_10)
FN:62,(anonymous_11)
FN:70,(anonymous_12)
FNF:13
FNH:13
FNDA:5,ActiveChips
FNDA:5,(anonymous_1)
FNDA:5,(anonymous_2)
FNDA:5,(anonymous_3)
FNDA:5,(anonymous_4)
FNDA:5,(anonymous_5)
FNDA:5,(anonymous_6)
FNDA:5,(anonymous_7)
FNDA:5,(anonymous_8)
FNDA:5,(anonymous_9)
FNDA:3,(anonymous_10)
FNDA:26,(anonymous_11)
FNDA:3,(anonymous_12)
DA:1,1
DA:2,1
DA:5,1
DA:16,1
DA:24,1
DA:25,5
DA:27,5
DA:28,5
DA:29,5
DA:30,5
DA:31,5
DA:32,5
DA:33,5
DA:34,5
DA:35,5
DA:36,5
DA:37,5
DA:40,5
DA:41,40
DA:42,40
DA:43,40
DA:44,26
DA:45,26
DA:48,5
DA:51,5
DA:52,3
DA:53,3
DA:54,3
DA:55,3
DA:58,5
DA:60,4
DA:63,26
DA:70,3
LF:33
LH:33
BRDA:30,0,0,2
BRDA:30,0,1,3
BRDA:31,1,0,1
BRDA:31,1,1,4
BRDA:31,2,0,5
BRDA:31,2,1,1
BRDA:32,3,0,4
BRDA:32,3,1,1
BRDA:32,4,0,5
BRDA:32,4,1,4
BRDA:33,5,0,3
BRDA:33,5,1,2
BRDA:33,6,0,5
BRDA:33,6,1,3
BRDA:34,7,0,4
BRDA:34,7,1,1
BRDA:35,8,0,4
BRDA:35,8,1,1
BRDA:36,9,0,4
BRDA:36,9,1,1
BRDA:37,10,0,4
BRDA:37,10,1,1
BRDA:43,11,0,26
BRDA:44,12,0,4
BRDA:44,12,1,22
BRDA:58,13,0,1
BRF:26
BRH:26
end_of_record
TN:
SF:src/components/AnimeCard.tsx
FN:6,AnimeCard
FNF:1
FNH:1
FNDA:2,AnimeCard
DA:1,2
DA:6,2
DA:8,2
DA:14,2
LF:4
LH:4
BRDA:8,0,0,2
BRDA:8,0,1,2
BRDA:8,0,2,2
BRDA:8,0,3,2
BRDA:8,0,4,1
BRDA:21,1,0,1
BRDA:21,1,1,1
BRDA:29,2,0,2
BRDA:29,2,1,1
BRF:9
BRH:9
end_of_record
TN:
SF:src/components/FilterBar.tsx
FN:21,FilterBar
FN:24,(anonymous_1)
FN:35,(anonymous_2)
FN:42,(anonymous_3)
FN:50,(anonymous_4)
FN:63,(anonymous_5)
FN:83,(anonymous_6)
FN:85,(anonymous_7)
FN:98,(anonymous_8)
FN:100,(anonymous_9)
FN:113,(anonymous_10)
FN:115,(anonymous_11)
FN:128,(anonymous_12)
FN:131,(anonymous_13)
FN:131,(anonymous_14)
FN:144,(anonymous_15)
FN:147,(anonymous_16)
FN:160,(anonymous_17)
FN:163,(anonymous_18)
FN:174,(anonymous_19)
FN:177,(anonymous_20)
FNF:21
FNH:21
FNDA:21,FilterBar
FNDA:21,(anonymous_1)
FNDA:5,(anonymous_2)
FNDA:15,(anonymous_3)
FNDA:21,(anonymous_4)
FNDA:1,(anonymous_5)
FNDA:3,(anonymous_6)
FNDA:210,(anonymous_7)
FNDA:2,(anonymous_8)
FNDA:84,(anonymous_9)
FNDA:2,(anonymous_10)
FNDA:147,(anonymous_11)
FNDA:2,(anonymous_12)
FNDA:210,(anonymous_13)
FNDA:210,(anonymous_14)
FNDA:2,(anonymous_15)
FNDA:1596,(anonymous_16)
FNDA:2,(anonymous_17)
FNDA:189,(anonymous_18)
FNDA:2,(anonymous_19)
FNDA:42,(anonymous_20)
DA:1,2
DA:2,2
DA:4,2
DA:16,2
DA:17,2
DA:18,2
DA:19,2
DA:21,2
DA:22,21
DA:24,21
DA:25,21
DA:26,21
DA:27,21
DA:28,21
DA:29,21
DA:30,21
DA:31,21
DA:32,21
DA:35,21
DA:36,5
DA:37,5
DA:38,380
DA:39,5
DA:42,21
DA:43,15
DA:44,15
DA:45,7
DA:46,15
DA:47,15
DA:50,21
DA:51,21
DA:63,21
DA:64,1
DA:65,1
DA:66,1
DA:67,1
DA:68,1
DA:69,1
DA:70,1
DA:71,1
DA:72,1
DA:73,1
DA:76,21
DA:83,3
DA:86,210
DA:98,2
DA:101,84
DA:113,2
DA:116,147
DA:128,2
DA:131,210
DA:132,210
DA:144,2
DA:148,1596
DA:160,2
DA:164,189
DA:174,2
DA:178,42
LF:58
LH:58
BRDA:25,0,0,21
BRDA:25,0,1,11
BRDA:26,1,0,21
BRDA:26,1,1,12
BRDA:27,2,0,21
BRDA:27,2,1,12
BRDA:28,3,0,21
BRDA:28,3,1,12
BRDA:29,4,0,21
BRDA:29,4,1,12
BRDA:30,5,0,21
BRDA:30,5,1,12
BRDA:31,6,0,21
BRDA:31,6,1,12
BRDA:44,7,0,8
BRDA:44,7,1,7
BRDA:44,8,0,15
BRDA:44,8,1,11
BRDA:52,9,0,21
BRDA:52,9,1,21
BRDA:52,9,2,11
BRDA:52,9,3,10
BRDA:52,9,4,9
BRDA:52,9,5,8
BRDA:52,9,6,7
BRDA:52,9,7,6
BRDA:52,10,0,21
BRDA:52,10,1,21
BRDA:53,11,0,21
BRDA:53,11,1,11
BRDA:54,12,0,11
BRDA:54,12,1,10
BRDA:55,13,0,10
BRDA:55,13,1,9
BRDA:56,14,0,9
BRDA:56,14,1,8
BRDA:57,15,0,8
BRDA:57,15,1,7
BRDA:58,16,0,7
BRDA:58,16,1,6
BRDA:59,17,0,6
BRDA:59,17,1,5
BRF:42
BRH:42
end_of_record
TN:
SF:src/components/Header.tsx
FN:7,Header
FN:13,(anonymous_1)
FN:17,(anonymous_2)
FN:23,(anonymous_3)
FN:52,(anonymous_4)
FNF:5
FNH:5
FNDA:12,Header
FNDA:9,(anonymous_1)
FNDA:2,(anonymous_2)
FNDA:3,(anonymous_3)
FNDA:3,(anonymous_4)
DA:1,2
DA:2,2
DA:4,2
DA:5,2
DA:7,2
DA:8,12
DA:9,12
DA:10,12
DA:11,12
DA:13,12
DA:14,9
DA:17,12
DA:18,2
DA:19,2
DA:20,2
DA:23,12
DA:24,3
DA:25,3
DA:26,3
DA:27,3
DA:28,1
DA:30,3
DA:31,3
DA:34,12
DA:52,3
LF:25
LH:25
BRDA:14,0,0,9
BRDA:14,0,1,6
BRDA:20,1,0,1
BRDA:20,1,1,1
BRDA:27,2,0,2
BRDA:27,2,1,1
BRDA:40,3,0,1
BRDA:40,3,1,11
BRDA:43,4,0,1
BRDA:43,4,1,11
BRF:10
BRH:10
end_of_record
TN:
SF:src/components/Pagination.tsx
FN:8,Pagination
FNF:1
FNH:1
FNDA:1,Pagination
DA:8,1
DA:9,1
LF:2
LH:2
BRF:0
BRH:0
end_of_record
TN:
SF:src/store/detailSlice.ts
FN:21,(anonymous_0)
FN:32,(anonymous_1)
FN:34,(anonymous_2)
FN:39,(anonymous_3)
FN:45,(anonymous_4)
FNF:5
FNH:5
FNDA:1,(anonymous_0)
FNDA:7,(anonymous_1)
FNDA:3,(anonymous_2)
FNDA:2,(anonymous_3)
FNDA:2,(anonymous_4)
DA:1,7
DA:10,7
DA:16,7
DA:22,1
DA:23,1
DA:24,1
DA:28,7
DA:33,7
DA:35,3
DA:36,3
DA:37,3
DA:40,2
DA:41,2
DA:42,2
DA:43,2
DA:46,2
DA:47,2
DA:48,2
DA:53,7
LF:19
LH:19
BRDA:48,0,0,2
BRDA:48,0,1,1
BRF:2
BRH:2
end_of_record
TN:
SF:src/store/hooks.ts
FNF:0
FNH:0
DA:1,1
DA:5,1
DA:6,1
LF:3
LH:3
BRF:0
BRH:0
end_of_record
TN:
SF:src/store/index.ts
FNF:0
FNH:0
DA:1,4
DA:2,4
DA:3,4
DA:5,4
LF:4
LH:4
BRF:0
BRH:0
end_of_record
TN:
SF:src/store/searchSlice.ts
FN:41,(anonymous_0)
FN:112,(anonymous_1)
FN:115,(anonymous_2)
FN:118,(anonymous_3)
FN:125,(anonymous_4)
FN:127,(anonymous_5)
FN:135,(anonymous_6)
FN:142,(anonymous_7)
FNF:8
FNH:8
FNDA:3,(anonymous_0)
FNDA:1,(anonymous_1)
FNDA:1,(anonymous_2)
FNDA:1,(anonymous_3)
FNDA:6,(anonymous_4)
FNDA:4,(anonymous_5)
FNDA:4,(anonymous_6)
FNDA:2,(anonymous_7)
DA:1,6
DA:27,6
DA:36,6
DA:45,3
DA:58,3
DA:68,3
DA:70,3
DA:72,3
DA:73,3
DA:74,1
DA:75,3
DA:76,1
DA:77,3
DA:78,1
DA:79,3
DA:80,1
DA:81,1
DA:85,3
DA:87,3
DA:90,3
DA:91,3
DA:97,3
DA:98,3
DA:99,3
DA:108,6
DA:113,1
DA:116,1
DA:119,1
DA:120,1
DA:121,1
DA:122,1
DA:126,6
DA:128,4
DA:129,4
DA:131,4
DA:132,4
DA:133,4
DA:136,4
DA:137,4
DA:138,4
DA:139,4
DA:140,4
DA:143,2
DA:144,2
DA:149,6
DA:150,6
LF:46
LH:46
BRDA:42,0,0,3
BRDA:59,1,0,3
BRDA:59,1,1,2
BRDA:59,1,2,2
BRDA:59,1,3,1
BRDA:59,1,4,1
BRDA:59,1,5,1
BRDA:70,2,0,1
BRDA:72,3,0,1
BRDA:72,4,0,3
BRDA:72,4,1,2
BRDA:73,5,0,1
BRDA:73,6,0,3
BRDA:73,6,1,2
BRDA:75,7,0,1
BRDA:75,8,0,3
BRDA:75,8,1,2
BRDA:77,9,0,1
BRDA:77,10,0,3
BRDA:77,10,1,2
BRDA:77,10,2,1
BRDA:79,11,0,1
BRDA:79,12,0,3
BRDA:79,12,1,2
BRDA:85,13,0,1
BRDA:85,13,1,2
BRDA:85,14,0,3
BRDA:85,14,1,2
BRDA:87,15,0,1
BRDA:87,15,1,2
BRDA:87,16,0,3
BRDA:87,16,1,2
BRDA:90,17,0,3
BRDA:90,17,1,2
BRDA:91,18,0,2
BRDA:91,18,1,1
BRDA:144,19,0,2
BRDA:144,19,1,1
BRF:38
BRH:38
end_of_record
